Server has started.
********************* end *****************
query =  /
query =  /style.css
query =  /script.js
query =  /krug_next.png
query =  /server.js?f=getnexttilesbyid&id=460839&count=14&next=1&self=1
ind= 181  newIndex= 181
ind= 181  newIndex= 182
ind= 181  newIndex= 183
ind= 181  newIndex= 184
ind= 181  newIndex= 185
ind= 181  newIndex= 186
ind= 181  newIndex= 187
ind= 181  newIndex= 188
ind= 181  newIndex= 189
ind= 181  newIndex= 190
ind= 181  newIndex= 191
ind= 181  newIndex= 192
ind= 181  newIndex= 193
ind= 181  newIndex= 194
query =  /krug_prep.png
query =  /loading.gif
query =  /
query =  /style.css
query =  /script.js
query =  /krug_next.png
query =  /krug_prep.png
query =  /server.js?f=getnexttilesbyid&id=566031&count=14&next=1&self=1
ind= 182  newIndex= 182
ind= 182  newIndex= 183
ind= 182  newIndex= 184
ind= 182  newIndex= 185
ind= 182  newIndex= 186
ind= 182  newIndex= 187
ind= 182  newIndex= 188
ind= 182  newIndex= 189
ind= 182  newIndex= 190
ind= 182  newIndex= 191
ind= 182  newIndex= 192
ind= 182  newIndex= 193
ind= 182  newIndex= 194
ind= 182  newIndex= 195
query =  /loading.gif
query =  /
query =  /style.css
query =  /script.js
query =  /krug_next.png
query =  /server.js?f=getnexttilesbyid&id=260000&count=14&next=1&self=1
ind= 44  newIndex= 44
ind= 44  newIndex= 45
ind= 44  newIndex= 46
ind= 44  newIndex= 47
ind= 44  newIndex= 48
ind= 44  newIndex= 49
ind= 44  newIndex= 50
ind= 44  newIndex= 51
ind= 44  newIndex= 52
ind= 44  newIndex= 53
ind= 44  newIndex= 54
ind= 44  newIndex= 55
ind= 44  newIndex= 56
ind= 44  newIndex= 57
query =  /krug_prep.png
query =  /loading.gif
query =  /favicon.ico
query =  /server.js?f=getnexttilesbyid&id=372188&count=7&next=1&self=0
ind= 57  newIndex= 58
ind= 57  newIndex= 59
ind= 57  newIndex= 60
ind= 57  newIndex= 61
ind= 57  newIndex= 62
ind= 57  newIndex= 63
query =  /server.js?f=getnexttilesbyid&id=410291&count=7&next=1&self=0
ind= 63  newIndex= 64
ind= 63  newIndex= 65
ind= 63  newIndex= 66
ind= 63  newIndex= 67
ind= 63  newIndex= 68
ind= 63  newIndex= 69
query =  /server.js?f=getnexttilesbyid&id=434139&count=7&next=1&self=0
ind= 69  newIndex= 70
ind= 69  newIndex= 71
ind= 69  newIndex= 72
ind= 69  newIndex= 73
ind= 69  newIndex= 74
ind= 69  newIndex= 75
query =  /server.js?f=getnexttilesbyid&id=481384&count=7&next=1&self=0
ind= 75  newIndex= 76
ind= 75  newIndex= 77
ind= 75  newIndex= 78
ind= 75  newIndex= 79
ind= 75  newIndex= 80
ind= 75  newIndex= 81
query =  /server.js?f=getnexttilesbyid&id=560742&count=7&next=1&self=0
ind= 81  newIndex= 82
ind= 81  newIndex= 83
ind= 81  newIndex= 84
ind= 81  newIndex= 85
ind= 81  newIndex= 86
ind= 81  newIndex= 87
query =  /server.js?f=getnexttilesbyid&id=110976&count=7&next=1&self=0
ind= 87  newIndex= 88
ind= 87  newIndex= 89
ind= 87  newIndex= 90
ind= 87  newIndex= 91
ind= 87  newIndex= 92
ind= 87  newIndex= 93
query =  /server.js?f=getnexttilesbyid&id=279095&count=7&next=1&self=0
ind= 93  newIndex= 94
ind= 93  newIndex= 95
ind= 93  newIndex= 96
ind= 93  newIndex= 97
ind= 93  newIndex= 98
ind= 93  newIndex= 99
query =  /server.js?f=getnexttilesbyid&id=616817&count=7&next=1&self=0
ind= 99  newIndex= 100
ind= 99  newIndex= 101
ind= 99  newIndex= 102
ind= 99  newIndex= 103
ind= 99  newIndex= 104
ind= 99  newIndex= 105
query =  /server.js?f=getnexttilesbyid&id=688854&count=7&next=1&self=0
ind= 105  newIndex= 106
ind= 105  newIndex= 107
ind= 105  newIndex= 108
ind= 105  newIndex= 109
ind= 105  newIndex= 110
ind= 105  newIndex= 111
query =  /server.js?f=getnexttilesbyid&id=619971&count=7&next=1&self=0
ind= 111  newIndex= 112
ind= 111  newIndex= 113
ind= 111  newIndex= 114
ind= 111  newIndex= 115
ind= 111  newIndex= 116
ind= 111  newIndex= 117
query =  /server.js?f=getnexttilesbyid&id=183231&count=7&next=1&self=0
ind= 117  newIndex= 118
ind= 117  newIndex= 119
ind= 117  newIndex= 120
ind= 117  newIndex= 121
ind= 117  newIndex= 122
ind= 117  newIndex= 123
query =  /server.js?f=getnexttilesbyid&id=233240&count=7&next=1&self=0
ind= 123  newIndex= 124
ind= 123  newIndex= 125
ind= 123  newIndex= 126
ind= 123  newIndex= 127
ind= 123  newIndex= 128
ind= 123  newIndex= 129
query =  /server.js?f=getnexttilesbyid&id=244980&count=7&next=1&self=0
ind= 129  newIndex= 130
ind= 129  newIndex= 131
ind= 129  newIndex= 132
ind= 129  newIndex= 133
ind= 129  newIndex= 134
ind= 129  newIndex= 135
query =  /server.js?f=getnexttilesbyid&id=250861&count=7&next=1&self=0
ind= 135  newIndex= 136
ind= 135  newIndex= 137
ind= 135  newIndex= 138
ind= 135  newIndex= 139
ind= 135  newIndex= 140
ind= 135  newIndex= 141
query =  /server.js?f=getnexttilesbyid&id=270644&count=7&next=1&self=0
ind= 141  newIndex= 142
ind= 141  newIndex= 143
ind= 141  newIndex= 144
ind= 141  newIndex= 145
ind= 141  newIndex= 146
ind= 141  newIndex= 147
query =  /server.js?f=getnexttilesbyid&id=275843&count=7&next=1&self=0
ind= 147  newIndex= 148
ind= 147  newIndex= 149
ind= 147  newIndex= 150
ind= 147  newIndex= 151
ind= 147  newIndex= 152
ind= 147  newIndex= 153
query =  /server.js?f=getnexttilesbyid&id=284259&count=7&next=1&self=0
ind= 153  newIndex= 154
ind= 153  newIndex= 155
ind= 153  newIndex= 156
ind= 153  newIndex= 157
ind= 153  newIndex= 158
ind= 153  newIndex= 159
query =  /server.js?f=getnexttilesbyid&id=297786&count=7&next=1&self=0
ind= 159  newIndex= 160
ind= 159  newIndex= 161
ind= 159  newIndex= 162
ind= 159  newIndex= 163
ind= 159  newIndex= 164
ind= 159  newIndex= 165
query =  /server.js?f=getnexttilesbyid&id=339344&count=7&next=1&self=0
ind= 165  newIndex= 166
ind= 165  newIndex= 167
ind= 165  newIndex= 168
ind= 165  newIndex= 169
ind= 165  newIndex= 170
ind= 165  newIndex= 171
query =  /server.js?f=getnexttilesbyid&id=353452&count=7&next=1&self=0
ind= 171  newIndex= 172
ind= 171  newIndex= 173
ind= 171  newIndex= 174
ind= 171  newIndex= 175
ind= 171  newIndex= 176
ind= 171  newIndex= 177
query =  /server.js?f=getnexttilesbyid&id=446219&count=7&next=1&self=0
ind= 177  newIndex= 178
ind= 177  newIndex= 179
ind= 177  newIndex= 180
ind= 177  newIndex= 181
ind= 177  newIndex= 182
ind= 177  newIndex= 183
query =  /server.js?f=getnexttilesbyid&id=569517&count=7&next=1&self=0
ind= 183  newIndex= 184
ind= 183  newIndex= 185
ind= 183  newIndex= 186
ind= 183  newIndex= 187
ind= 183  newIndex= 188
ind= 183  newIndex= 189
query =  /
query =  /script.js
query =  /style.css
query =  /server.js?f=getnexttilesbyid&id=573918&count=14&next=1&self=1
ind= 184  newIndex= 184
ind= 184  newIndex= 185
ind= 184  newIndex= 186
ind= 184  newIndex= 187
ind= 184  newIndex= 188
ind= 184  newIndex= 189
ind= 184  newIndex= 190
ind= 184  newIndex= 191
ind= 184  newIndex= 192
ind= 184  newIndex= 193
ind= 184  newIndex= 194
ind= 184  newIndex= 195
ind= 184  newIndex= 196
ind= 184  newIndex= 197
query =  /krug_next.png
query =  /krug_prep.png
query =  /loading.gif
query =  /favicon.ico
query =  /server.js?f=getnexttilesbyid&id=203667&count=7&next=1&self=0
ind= 197  newIndex= 198
ind= 197  newIndex= 199
ind= 197  newIndex= 200
ind= 197  newIndex= 201
ind= 197  newIndex= 202
ind= 197  newIndex= 203
query =  /server.js?f=getnexttilesbyid&id=192186&count=7&next=1&self=0
ind= 203  newIndex= 204
ind= 203  newIndex= 205
ind= 203  newIndex= 206
ind= 203  newIndex= 207
ind= 203  newIndex= 208
ind= 203  newIndex= 209
query =  /server.js?f=getnexttilesbyid&id=186002&count=7&next=1&self=0
ind= 209  newIndex= 210
ind= 209  newIndex= 211
ind= 209  newIndex= 212
ind= 209  newIndex= 213
ind= 209  newIndex= 214
ind= 209  newIndex= 215
query =  /server.js?f=getnexttilesbyid&id=182461&count=7&next=1&self=0
ind= 215  newIndex= 216
ind= 215  newIndex= 217
ind= 215  newIndex= 218
ind= 215  newIndex= 219
ind= 215  newIndex= 220
ind= 215  newIndex= 221
query =  /server.js?f=getnexttilesbyid&id=180637&count=7&next=1&self=0
ind= 221  newIndex= 222
ind= 221  newIndex= 223
ind= 221  newIndex= 224
ind= 221  newIndex= 225
ind= 221  newIndex= 226
ind= 221  newIndex= 227
query =  /server.js?f=getnexttilesbyid&id=175188&count=7&next=1&self=0
ind= 227  newIndex= 228
ind= 227  newIndex= 229
ind= 227  newIndex= 230
ind= 227  newIndex= 231
ind= 227  newIndex= 232
ind= 227  newIndex= 233
query =  /server.js?f=getnexttilesbyid&id=171071&count=7&next=1&self=0
ind= 233  newIndex= 234
ind= 233  newIndex= 235
ind= 233  newIndex= 236
ind= 233  newIndex= 237
ind= 233  newIndex= 238
ind= 233  newIndex= 239
query =  /server.js?f=getnexttilesbyid&id=147208&count=7&next=1&self=0
ind= 239  newIndex= 240
ind= 239  newIndex= 241
ind= 239  newIndex= 242
ind= 239  newIndex= 243
ind= 239  newIndex= 244
ind= 239  newIndex= 245
query =  /server.js?f=getnexttilesbyid&id=135722&count=7&next=1&self=0
ind= 245  newIndex= 246
ind= 245  newIndex= 247
ind= 245  newIndex= 248
ind= 245  newIndex= 249
ind= 245  newIndex= 250
ind= 245  newIndex= 251
query =  /server.js?f=getnexttilesbyid&id=118760&count=7&next=1&self=0
ind= 251  newIndex= 252
ind= 251  newIndex= 253
ind= 251  newIndex= 254
ind= 251  newIndex= 255
ind= 251  newIndex= 256
ind= 251  newIndex= 257
query =  /server.js?f=getnexttilesbyid&id=110109&count=7&next=1&self=0
ind= 257  newIndex= 258
ind= 257  newIndex= 259
ind= 257  newIndex= 260
ind= 257  newIndex= 261
ind= 257  newIndex= 262
ind= 257  newIndex= 263
query =  /server.js?f=getnexttilesbyid&id=81633&count=7&next=1&self=0
ind= 263  newIndex= 264
ind= 263  newIndex= 265
ind= 263  newIndex= 266
ind= 263  newIndex= 267
ind= 263  newIndex= 268
ind= 263  newIndex= 269
query =  /server.js?f=getnexttilesbyid&id=72506&count=7&next=1&self=0
ind= 269  newIndex= 270
ind= 269  newIndex= 271
ind= 269  newIndex= 272
ind= 269  newIndex= 273
ind= 269  newIndex= 274
ind= 269  newIndex= 275
query =  /server.js?f=getnexttilesbyid&id=71322&count=7&next=1&self=0
ind= 275  newIndex= 276
ind= 275  newIndex= 277
ind= 275  newIndex= 278
ind= 275  newIndex= 279
ind= 275  newIndex= 280
ind= 275  newIndex= 281
query =  /server.js?f=getnexttilesbyid&id=70238&count=7&next=1&self=0
ind= 281  newIndex= 282
ind= 281  newIndex= 283
ind= 281  newIndex= 284
ind= 281  newIndex= 285
ind= 281  newIndex= 286
ind= 281  newIndex= 287
query =  /server.js?f=getnexttilesbyid&id=60356&count=7&next=1&self=0
ind= 287  newIndex= 288
ind= 287  newIndex= 289
ind= 287  newIndex= 290
ind= 287  newIndex= 291
ind= 287  newIndex= 292
ind= 287  newIndex= 293
query =  /server.js?f=getnexttilesbyid&id=56567&count=7&next=1&self=0
ind= 293  newIndex= 294
ind= 293  newIndex= 295
ind= 293  newIndex= 296
ind= 293  newIndex= 297
ind= 293  newIndex= 298
ind= 293  newIndex= 299
query =  /server.js?f=getnexttilesbyid&id=51776&count=7&next=1&self=0
ind= 299  newIndex= 300
ind= 299  newIndex= 301
ind= 299  newIndex= 302
ind= 299  newIndex= 303
ind= 299  newIndex= 304
ind= 299  newIndex= 305
query =  /server.js?f=getnexttilesbyid&id=38450&count=7&next=1&self=0
ind= 305  newIndex= 306
ind= 305  newIndex= 307
ind= 305  newIndex= 308
ind= 305  newIndex= 309
ind= 305  newIndex= 310
ind= 305  newIndex= 311
query =  /server.js?f=getnexttilesbyid&id=34587&count=7&next=1&self=0
ind= 311  newIndex= 312
ind= 311  newIndex= 313
ind= 311  newIndex= 314
ind= 311  newIndex= 315
ind= 311  newIndex= 316
ind= 311  newIndex= 317
*** ostanovilis
query =  /server.js?f=getnexttilesbyid&id=281109&count=7&next=1&self=0
ind= 316  newIndex= 317
*** ostanovilis
query =  /
query =  /style.css
query =  /script.js
query =  /krug_next.png
query =  /server.js?f=getnexttilesbyid&id=34579&count=14&next=1&self=1
ind= 313  newIndex= 313
ind= 313  newIndex= 314
ind= 313  newIndex= 315
ind= 313  newIndex= 316
ind= 313  newIndex= 317
*** ostanovilis
query =  /krug_prep.png
query =  /favicon.ico
query =  /server.js?f=getnexttilesbyid&id=34579&count=14&next=0&self=0
ind= 313  newIndex= 312
ind= 313  newIndex= 311
ind= 313  newIndex= 310
ind= 313  newIndex= 309
ind= 313  newIndex= 308
ind= 313  newIndex= 307
ind= 313  newIndex= 306
ind= 313  newIndex= 305
ind= 313  newIndex= 304
ind= 313  newIndex= 303
ind= 313  newIndex= 302
ind= 313  newIndex= 301
ind= 313  newIndex= 300
query =  /server.js?f=getnexttilesbyid&id=281109&count=7&next=1&self=0
ind= 316  newIndex= 317
*** ostanovilis
query =  /loading.gif
query =  /server.js?f=getnexttilesbyid&id=281109&count=7&next=1&self=0
ind= 316  newIndex= 317
*** ostanovilis
query =  /server.js?f=getnexttilesbyid&id=281109&count=7&next=1&self=0
ind= 316  newIndex= 317
*** ostanovilis
query =  /server.js?f=getnexttilesbyid&id=281109&count=7&next=1&self=0
ind= 316  newIndex= 317
*** ostanovilis
query =  /server.js?f=getnexttilesbyid&id=281109&count=7&next=1&self=0
ind= 316  newIndex= 317
*** ostanovilis
query =  /server.js?f=getnexttilesbyid&id=51293&count=7&next=0&self=0
ind= 300  newIndex= 299
ind= 300  newIndex= 298
ind= 300  newIndex= 297
ind= 300  newIndex= 296
ind= 300  newIndex= 295
ind= 300  newIndex= 294
query =  /server.js?f=getnexttilesbyid&id=56022&count=7&next=0&self=0
ind= 294  newIndex= 293
ind= 294  newIndex= 292
ind= 294  newIndex= 291
ind= 294  newIndex= 290
ind= 294  newIndex= 289
ind= 294  newIndex= 288
query =  /server.js?f=getnexttilesbyid&id=281109&count=7&next=1&self=0
ind= 316  newIndex= 317
*** ostanovilis
query =  /server.js?f=getnexttilesbyid&id=281109&count=7&next=1&self=0
ind= 316  newIndex= 317
*** ostanovilis
query =  /server.js?f=getnexttilesbyid&id=281109&count=7&next=1&self=0
ind= 316  newIndex= 317
*** ostanovilis
query =  /
query =  /style.css
query =  /script.js
query =  /krug_next.png
query =  /server.js?f=getnexttilesbyid&id=38448&count=14&next=1&self=1
ind= 306  newIndex= 306
ind= 306  newIndex= 307
ind= 306  newIndex= 308
ind= 306  newIndex= 309
ind= 306  newIndex= 310
ind= 306  newIndex= 311
ind= 306  newIndex= 312
ind= 306  newIndex= 313
ind= 306  newIndex= 314
ind= 306  newIndex= 315
ind= 306  newIndex= 316
ind= 306  newIndex= 317
*** ostanovilis
query =  /krug_prep.png
query =  /loading.gif
query =  /favicon.ico
query =  /
query =  /style.css
query =  /script.js
query =  /krug_next.png
query =  /server.js?f=getnexttilesbyid&id=628826&count=14&next=1&self=1
ind= 186  newIndex= 186
ind= 186  newIndex= 187
ind= 186  newIndex= 188
ind= 186  newIndex= 189
ind= 186  newIndex= 190
ind= 186  newIndex= 191
ind= 186  newIndex= 192
ind= 186  newIndex= 193
ind= 186  newIndex= 194
ind= 186  newIndex= 195
ind= 186  newIndex= 196
ind= 186  newIndex= 197
ind= 186  newIndex= 198
ind= 186  newIndex= 199
query =  /loading.gif
query =  /krug_prep.png
query =  /
query =  /style.css
query =  /script.js
query =  /krug_next.png
query =  /server.js?f=getnexttilesbyid&id=230456&count=10&next=1&self=1
ind= 37  newIndex= 37
ind= 37  newIndex= 38
ind= 37  newIndex= 39
ind= 37  newIndex= 40
ind= 37  newIndex= 41
ind= 37  newIndex= 42
ind= 37  newIndex= 43
ind= 37  newIndex= 44
ind= 37  newIndex= 45
ind= 37  newIndex= 46
query =  /krug_prep.png
query =  /loading.gif
query =  /apple-touch-icon-precomposed.png
query =  /apple-touch-icon.png
query =  /server.js?f=getnexttilesbyid&id=343570&count=5&next=1&self=0
ind= 46  newIndex= 47
ind= 46  newIndex= 48
ind= 46  newIndex= 49
ind= 46  newIndex= 50
query =  /server.js?f=getnexttilesbyid&id=358732&count=5&next=1&self=0
ind= 50  newIndex= 51
ind= 50  newIndex= 52
ind= 50  newIndex= 53
ind= 50  newIndex= 54
query =  /server.js?f=getnexttilesbyid&id=371600&count=5&next=1&self=0
ind= 54  newIndex= 55
ind= 54  newIndex= 56
ind= 54  newIndex= 57
ind= 54  newIndex= 58
query =  /server.js?f=getnexttilesbyid&id=373051&count=5&next=1&self=0
ind= 58  newIndex= 59
ind= 58  newIndex= 60
ind= 58  newIndex= 61
ind= 58  newIndex= 62
query =  /server.js?f=getnexttilesbyid&id=399108&count=5&next=1&self=0
ind= 62  newIndex= 63
ind= 62  newIndex= 64
ind= 62  newIndex= 65
ind= 62  newIndex= 66
query =  /server.js?f=getnexttilesbyid&id=428443&count=5&next=1&self=0
ind= 66  newIndex= 67
ind= 66  newIndex= 68
ind= 66  newIndex= 69
ind= 66  newIndex= 70
query =  /server.js?f=getnexttilesbyid&id=440426&count=5&next=1&self=0
ind= 70  newIndex= 71
ind= 70  newIndex= 72
ind= 70  newIndex= 73
ind= 70  newIndex= 74
query =  /server.js?f=getnexttilesbyid&id=480977&count=5&next=1&self=0
ind= 74  newIndex= 75
ind= 74  newIndex= 76
ind= 74  newIndex= 77
ind= 74  newIndex= 78
query =  /
query =  /style.css
query =  /script.js
query =  /server.js?f=getnexttilesbyid&id=0&count=10&next=1&self=1
ind= 0  newIndex= 0
ind= 0  newIndex= 1
ind= 0  newIndex= 2
ind= 0  newIndex= 3
ind= 0  newIndex= 4
ind= 0  newIndex= 5
ind= 0  newIndex= 6
ind= 0  newIndex= 7
ind= 0  newIndex= 8
ind= 0  newIndex= 9
query =  /krug_next.png
query =  /krug_prep.png
query =  /loading.gif
query =  /apple-touch-icon-precomposed.png
query =  /apple-touch-icon.png
query =  /server.js?f=getnexttilesbyid&id=727927&count=5&next=0&self=0
ind= 0  newIndex= -1
*** ostanovilis
query =  /server.js?f=getnexttilesbyid&id=656225&count=5&next=1&self=0
ind= 9  newIndex= 10
ind= 9  newIndex= 11
ind= 9  newIndex= 12
ind= 9  newIndex= 13
query =  /server.js?f=getnexttilesbyid&id=705467&count=5&next=1&self=0
ind= 13  newIndex= 14
ind= 13  newIndex= 15
ind= 13  newIndex= 16
ind= 13  newIndex= 17
query =  /server.js?f=getnexttilesbyid&id=726385&count=5&next=1&self=0
ind= 17  newIndex= 18
ind= 17  newIndex= 19
ind= 17  newIndex= 20
ind= 17  newIndex= 21
query =  /
query =  /style.css
query =  /script.js
query =  /server.js?f=getnexttilesbyid&id=702309&count=10&next=1&self=1
ind= 11  newIndex= 11
ind= 11  newIndex= 12
ind= 11  newIndex= 13
ind= 11  newIndex= 14
ind= 11  newIndex= 15
ind= 11  newIndex= 16
ind= 11  newIndex= 17
ind= 11  newIndex= 18
ind= 11  newIndex= 19
ind= 11  newIndex= 20
query =  /krug_next.png
query =  /krug_prep.png
query =  /loading.gif
query =  /favicon.ico
query =  /apple-touch-icon-precomposed.png
query =  /apple-touch-icon.png
query =  /server.js?f=getnexttilesbyid&id=702309&count=5&next=0&self=0
ind= 11  newIndex= 10
ind= 11  newIndex= 9
ind= 11  newIndex= 8
ind= 11  newIndex= 7
query =  /server.js?f=getnexttilesbyid&id=651434&count=5&next=0&self=0
ind= 7  newIndex= 6
ind= 7  newIndex= 5
ind= 7  newIndex= 4
ind= 7  newIndex= 3
query =  /server.js?f=getnexttilesbyid&id=727237&count=5&next=1&self=0
ind= 20  newIndex= 21
ind= 20  newIndex= 22
ind= 20  newIndex= 23
ind= 20  newIndex= 24
query =  /server.js?f=getnexttilesbyid&id=539416&count=5&next=1&self=0
ind= 24  newIndex= 25
ind= 24  newIndex= 26
ind= 24  newIndex= 27
ind= 24  newIndex= 28
query =  /server.js?f=getnexttilesbyid&id=50454&count=5&next=1&self=0
ind= 28  newIndex= 29
ind= 28  newIndex= 30
ind= 28  newIndex= 31
ind= 28  newIndex= 32
query =  /server.js?f=getnexttilesbyid&id=141955&count=5&next=1&self=0
ind= 32  newIndex= 33
ind= 32  newIndex= 34
ind= 32  newIndex= 35
ind= 32  newIndex= 36
query =  /server.js?f=getnexttilesbyid&id=221954&count=5&next=1&self=0
ind= 36  newIndex= 37
ind= 36  newIndex= 38
ind= 36  newIndex= 39
ind= 36  newIndex= 40
query =  /server.js?f=getnexttilesbyid&id=242414&count=5&next=1&self=0
ind= 40  newIndex= 41
ind= 40  newIndex= 42
ind= 40  newIndex= 43
ind= 40  newIndex= 44
query =  /server.js?f=getnexttilesbyid&id=260000&count=5&next=1&self=0
ind= 44  newIndex= 45
ind= 44  newIndex= 46
ind= 44  newIndex= 47
ind= 44  newIndex= 48
query =  /server.js?f=getnexttilesbyid&id=350275&count=5&next=1&self=0
ind= 48  newIndex= 49
ind= 48  newIndex= 50
ind= 48  newIndex= 51
ind= 48  newIndex= 52
query =  /
query =  /style.css
query =  /script.js
query =  /krug_next.png
query =  /server.js?f=getnexttilesbyid&id=350275&count=10&next=1&self=1
ind= 48  newIndex= 48
ind= 48  newIndex= 49
ind= 48  newIndex= 50
ind= 48  newIndex= 51
ind= 48  newIndex= 52
ind= 48  newIndex= 53
ind= 48  newIndex= 54
ind= 48  newIndex= 55
ind= 48  newIndex= 56
ind= 48  newIndex= 57
query =  /krug_prep.png
query =  /loading.gif
query =  /apple-touch-icon-precomposed.png
query =  /apple-touch-icon.png
query =  /server.js?f=getnexttilesbyid&id=372188&count=5&next=1&self=0
ind= 57  newIndex= 58
ind= 57  newIndex= 59
ind= 57  newIndex= 60
ind= 57  newIndex= 61
query =  /server.js?f=getnexttilesbyid&id=387259&count=5&next=1&self=0
ind= 61  newIndex= 62
ind= 61  newIndex= 63
ind= 61  newIndex= 64
ind= 61  newIndex= 65
query =  /server.js?f=getnexttilesbyid&id=427790&count=5&next=1&self=0
ind= 65  newIndex= 66
ind= 65  newIndex= 67
ind= 65  newIndex= 68
ind= 65  newIndex= 69
query =  /server.js?f=getnexttilesbyid&id=434139&count=5&next=1&self=0
ind= 69  newIndex= 70
ind= 69  newIndex= 71
ind= 69  newIndex= 72
ind= 69  newIndex= 73
query =  /server.js?f=getnexttilesbyid&id=476383&count=5&next=1&self=0
ind= 73  newIndex= 74
ind= 73  newIndex= 75
ind= 73  newIndex= 76
ind= 73  newIndex= 77
query =  /server.js?f=getnexttilesbyid&id=508398&count=5&next=1&self=0
ind= 77  newIndex= 78
ind= 77  newIndex= 79
ind= 77  newIndex= 80
ind= 77  newIndex= 81
query =  /server.js?f=getnexttilesbyid&id=560742&count=5&next=1&self=0
ind= 81  newIndex= 82
ind= 81  newIndex= 83
ind= 81  newIndex= 84
ind= 81  newIndex= 85
query =  /server.js?f=getnexttilesbyid&id=582319&count=5&next=1&self=0
ind= 85  newIndex= 86
ind= 85  newIndex= 87
ind= 85  newIndex= 88
ind= 85  newIndex= 89
query =  /server.js?f=getnexttilesbyid&id=162736&count=5&next=1&self=0
ind= 89  newIndex= 90
ind= 89  newIndex= 91
ind= 89  newIndex= 92
ind= 89  newIndex= 93
query =  /server.js?f=getnexttilesbyid&id=279095&count=5&next=1&self=0
ind= 93  newIndex= 94
ind= 93  newIndex= 95
ind= 93  newIndex= 96
ind= 93  newIndex= 97
query =  /server.js?f=getnexttilesbyid&id=575897&count=5&next=1&self=0
ind= 97  newIndex= 98
ind= 97  newIndex= 99
ind= 97  newIndex= 100
ind= 97  newIndex= 101
query =  /server.js?f=getnexttilesbyid&id=634373&count=5&next=1&self=0
ind= 101  newIndex= 102
ind= 101  newIndex= 103
ind= 101  newIndex= 104
ind= 101  newIndex= 105
query =  /server.js?f=getnexttilesbyid&id=688854&count=5&next=1&self=0
ind= 105  newIndex= 106
ind= 105  newIndex= 107
ind= 105  newIndex= 108
ind= 105  newIndex= 109
query =  /server.js?f=getnexttilesbyid&id=702308&count=5&next=1&self=0
ind= 109  newIndex= 110
ind= 109  newIndex= 111
ind= 109  newIndex= 112
ind= 109  newIndex= 113
query =  /server.js?f=getnexttilesbyid&id=145881&count=5&next=1&self=0
ind= 113  newIndex= 114
ind= 113  newIndex= 115
ind= 113  newIndex= 116
ind= 113  newIndex= 117
query =  /server.js?f=getnexttilesbyid&id=183231&count=5&next=1&self=0
ind= 117  newIndex= 118
ind= 117  newIndex= 119
ind= 117  newIndex= 120
ind= 117  newIndex= 121
query =  /server.js?f=getnexttilesbyid&id=229812&count=5&next=1&self=0
ind= 121  newIndex= 122
ind= 121  newIndex= 123
ind= 121  newIndex= 124
ind= 121  newIndex= 125
query =  /server.js?f=getnexttilesbyid&id=483731&count=5&next=1&self=0
ind= 125  newIndex= 126
ind= 125  newIndex= 127
ind= 125  newIndex= 128
ind= 125  newIndex= 129
query =  /server.js?f=getnexttilesbyid&id=244980&count=5&next=1&self=0
ind= 129  newIndex= 130
ind= 129  newIndex= 131
ind= 129  newIndex= 132
ind= 129  newIndex= 133
query =  /server.js?f=getnexttilesbyid&id=246218&count=5&next=1&self=0
ind= 133  newIndex= 134
ind= 133  newIndex= 135
ind= 133  newIndex= 136
ind= 133  newIndex= 137
query =  /server.js?f=getnexttilesbyid&id=253196&count=5&next=1&self=0
ind= 137  newIndex= 138
ind= 137  newIndex= 139
ind= 137  newIndex= 140
ind= 137  newIndex= 141
query =  /server.js?f=getnexttilesbyid&id=270644&count=5&next=1&self=0
ind= 141  newIndex= 142
ind= 141  newIndex= 143
ind= 141  newIndex= 144
ind= 141  newIndex= 145
query =  /i/logo.gif
query =  /server.js?f=getnexttilesbyid&id=275503&count=5&next=1&self=0
ind= 145  newIndex= 146
ind= 145  newIndex= 147
ind= 145  newIndex= 148
ind= 145  newIndex= 149
query =  /server.js?f=getnexttilesbyid&id=279098&count=5&next=1&self=0
ind= 149  newIndex= 150
ind= 149  newIndex= 151
ind= 149  newIndex= 152
ind= 149  newIndex= 153
query =  /
query =  /style.css
query =  /script.js
query =  /krug_next.png
query =  /server.js?f=getnexttilesbyid&id=275503&count=10&next=1&self=1
ind= 145  newIndex= 145
ind= 145  newIndex= 146
ind= 145  newIndex= 147
ind= 145  newIndex= 148
ind= 145  newIndex= 149
ind= 145  newIndex= 150
ind= 145  newIndex= 151
ind= 145  newIndex= 152
ind= 145  newIndex= 153
ind= 145  newIndex= 154
query =  /krug_prep.png
query =  /loading.gif
query =  /apple-touch-icon-precomposed.png
query =  /apple-touch-icon.png
query =  /server.js?f=getnexttilesbyid&id=275503&count=5&next=0&self=0
ind= 145  newIndex= 144
ind= 145  newIndex= 143
ind= 145  newIndex= 142
ind= 145  newIndex= 141
query =  /server.js?f=getnexttilesbyid&id=270644&count=5&next=0&self=0
ind= 141  newIndex= 140
ind= 141  newIndex= 139
ind= 141  newIndex= 138
ind= 141  newIndex= 137
query =  /
query =  /
query =  /style.css
query =  /script.js
query =  /server.js?f=getnexttilesbyid&id=0&count=14&next=1&self=1
ind= 0  newIndex= 0
ind= 0  newIndex= 1
ind= 0  newIndex= 2
ind= 0  newIndex= 3
ind= 0  newIndex= 4
ind= 0  newIndex= 5
ind= 0  newIndex= 6
ind= 0  newIndex= 7
ind= 0  newIndex= 8
ind= 0  newIndex= 9
ind= 0  newIndex= 10
ind= 0  newIndex= 11
ind= 0  newIndex= 12
ind= 0  newIndex= 13
query =  /krug_next.png
query =  /krug_prep.png
query =  /loading.gif
query =  /server.js?f=getnexttilesbyid&id=727927&count=7&next=0&self=0
ind= 0  newIndex= -1
*** ostanovilis
query =  /server.js?f=getnexttilesbyid&id=705467&count=7&next=1&self=0
ind= 13  newIndex= 14
ind= 13  newIndex= 15
ind= 13  newIndex= 16
ind= 13  newIndex= 17
ind= 13  newIndex= 18
ind= 13  newIndex= 19
query =  /
query =  /style.css
query =  /script.js
query =  /krug_next.png
query =  /server.js?f=getnexttilesbyid&id=704332&count=14&next=1&self=1
ind= 12  newIndex= 12
ind= 12  newIndex= 13
ind= 12  newIndex= 14
ind= 12  newIndex= 15
ind= 12  newIndex= 16
ind= 12  newIndex= 17
ind= 12  newIndex= 18
ind= 12  newIndex= 19
ind= 12  newIndex= 20
ind= 12  newIndex= 21
ind= 12  newIndex= 22
ind= 12  newIndex= 23
ind= 12  newIndex= 24
ind= 12  newIndex= 25
query =  /krug_prep.png
query =  /loading.gif
query =  /favicon.ico
query =  /server.js?f=getnexttilesbyid&id=704332&count=7&next=0&self=0
ind= 12  newIndex= 11
ind= 12  newIndex= 10
ind= 12  newIndex= 9
ind= 12  newIndex= 8
ind= 12  newIndex= 7
ind= 12  newIndex= 6
query =  /robots.txt
query =  /desktop.bundles/index/index.html
query =  /server.js?f=getnexttilesbyid&id=275119&count=10&next=1&self=1
ind= 144  newIndex= 144
ind= 144  newIndex= 145
ind= 144  newIndex= 146
ind= 144  newIndex= 147
ind= 144  newIndex= 148
ind= 144  newIndex= 149
ind= 144  newIndex= 150
ind= 144  newIndex= 151
ind= 144  newIndex= 152
ind= 144  newIndex= 153
query =  /apple-touch-icon-precomposed.png
query =  /apple-touch-icon.png
query =  /server.js?f=getnexttilesbyid&id=284259&count=5&next=1&self=0
ind= 153  newIndex= 154
ind= 153  newIndex= 155
ind= 153  newIndex= 156
ind= 153  newIndex= 157
query =  /server.js?f=getnexttilesbyid&id=288712&count=5&next=1&self=0
ind= 157  newIndex= 158
ind= 157  newIndex= 159
ind= 157  newIndex= 160
ind= 157  newIndex= 161
query =  /server.js?f=getnexttilesbyid&id=301436&count=5&next=1&self=0
ind= 161  newIndex= 162
ind= 161  newIndex= 163
ind= 161  newIndex= 164
ind= 161  newIndex= 165
query =  /server.js?f=getnexttilesbyid&id=339344&count=5&next=1&self=0
ind= 165  newIndex= 166
ind= 165  newIndex= 167
ind= 165  newIndex= 168
ind= 165  newIndex= 169
query =  /server.js?f=getnexttilesbyid&id=350983&count=5&next=1&self=0
ind= 169  newIndex= 170
ind= 169  newIndex= 171
ind= 169  newIndex= 172
ind= 169  newIndex= 173
query =  /server.js?f=getnexttilesbyid&id=360378&count=5&next=1&self=0
ind= 173  newIndex= 174
ind= 173  newIndex= 175
ind= 173  newIndex= 176
ind= 173  newIndex= 177
query =  /server.js?f=getnexttilesbyid&id=446219&count=5&next=1&self=0
ind= 177  newIndex= 178
ind= 177  newIndex= 179
ind= 177  newIndex= 180
ind= 177  newIndex= 181
query =  /server.js?f=getnexttilesbyid&id=460839&count=5&next=1&self=0
ind= 181  newIndex= 182
ind= 181  newIndex= 183
ind= 181  newIndex= 184
ind= 181  newIndex= 185
query =  /server.js?f=getnexttilesbyid&id=581180&count=5&next=1&self=0
ind= 185  newIndex= 186
ind= 185  newIndex= 187
ind= 185  newIndex= 188
ind= 185  newIndex= 189
query =  /server.js?f=getnexttilesbyid&id=665127&count=5&next=1&self=0
ind= 189  newIndex= 190
ind= 189  newIndex= 191
ind= 189  newIndex= 192
ind= 189  newIndex= 193
query =  /server.js?f=getnexttilesbyid&id=182457&count=5&next=1&self=0
ind= 193  newIndex= 194
ind= 193  newIndex= 195
ind= 193  newIndex= 196
ind= 193  newIndex= 197
query =  /server.js?f=getnexttilesbyid&id=203667&count=5&next=1&self=0
ind= 197  newIndex= 198
ind= 197  newIndex= 199
ind= 197  newIndex= 200
ind= 197  newIndex= 201
query =  /server.js?f=getnexttilesbyid&id=192293&count=5&next=1&self=0
ind= 201  newIndex= 202
ind= 201  newIndex= 203
ind= 201  newIndex= 204
ind= 201  newIndex= 205
query =  /server.js?f=getnexttilesbyid&id=153716&count=5&next=1&self=0
ind= 205  newIndex= 206
ind= 205  newIndex= 207
ind= 205  newIndex= 208
ind= 205  newIndex= 209
query =  /server.js?f=getnexttilesbyid&id=186002&count=5&next=1&self=0
ind= 209  newIndex= 210
ind= 209  newIndex= 211
ind= 209  newIndex= 212
ind= 209  newIndex= 213
query =  /server.js?f=getnexttilesbyid&id=182694&count=5&next=1&self=0
ind= 213  newIndex= 214
ind= 213  newIndex= 215
ind= 213  newIndex= 216
ind= 213  newIndex= 217
query =  /server.js?f=getnexttilesbyid&id=182456&count=5&next=1&self=0
ind= 217  newIndex= 218
ind= 217  newIndex= 219
ind= 217  newIndex= 220
ind= 217  newIndex= 221
query =  /server.js?f=getnexttilesbyid&id=180637&count=5&next=1&self=0
ind= 221  newIndex= 222
ind= 221  newIndex= 223
ind= 221  newIndex= 224
ind= 221  newIndex= 225
query =  /server.js?f=getnexttilesbyid&id=175233&count=5&next=1&self=0
ind= 225  newIndex= 226
ind= 225  newIndex= 227
ind= 225  newIndex= 228
ind= 225  newIndex= 229
query =  /server.js?f=getnexttilesbyid&id=174670&count=5&next=1&self=0
ind= 229  newIndex= 230
ind= 229  newIndex= 231
ind= 229  newIndex= 232
ind= 229  newIndex= 233
query =  /server.js?f=getnexttilesbyid&id=171071&count=5&next=1&self=0
ind= 233  newIndex= 234
ind= 233  newIndex= 235
ind= 233  newIndex= 236
ind= 233  newIndex= 237
query =  /server.js?f=getnexttilesbyid&id=157631&count=5&next=1&self=0
ind= 237  newIndex= 238
ind= 237  newIndex= 239
ind= 237  newIndex= 240
ind= 237  newIndex= 241
query =  /server.js?f=getnexttilesbyid&id=142159&count=5&next=1&self=0
ind= 241  newIndex= 242
ind= 241  newIndex= 243
ind= 241  newIndex= 244
ind= 241  newIndex= 245
query =  /server.js?f=getnexttilesbyid&id=135722&count=5&next=1&self=0
ind= 245  newIndex= 246
ind= 245  newIndex= 247
ind= 245  newIndex= 248
ind= 245  newIndex= 249
query =  /server.js?f=getnexttilesbyid&id=123822&count=5&next=1&self=0
ind= 249  newIndex= 250
ind= 249  newIndex= 251
ind= 249  newIndex= 252
ind= 249  newIndex= 253
query =  /server.js?f=getnexttilesbyid&id=118560&count=5&next=1&self=0
ind= 253  newIndex= 254
ind= 253  newIndex= 255
ind= 253  newIndex= 256
ind= 253  newIndex= 257
query =  /server.js?f=getnexttilesbyid&id=110109&count=5&next=1&self=0
ind= 257  newIndex= 258
ind= 257  newIndex= 259
ind= 257  newIndex= 260
ind= 257  newIndex= 261
query =  /server.js?f=getnexttilesbyid&id=87506&count=5&next=1&self=0
ind= 261  newIndex= 262
ind= 261  newIndex= 263
ind= 261  newIndex= 264
ind= 261  newIndex= 265
query =  /server.js?f=getnexttilesbyid&id=76980&count=5&next=1&self=0
ind= 265  newIndex= 266
ind= 265  newIndex= 267
ind= 265  newIndex= 268
ind= 265  newIndex= 269
query =  /server.js?f=getnexttilesbyid&id=72506&count=5&next=1&self=0
ind= 269  newIndex= 270
ind= 269  newIndex= 271
ind= 269  newIndex= 272
ind= 269  newIndex= 273
query =  /server.js?f=getnexttilesbyid&id=72220&count=5&next=1&self=0
ind= 273  newIndex= 274
ind= 273  newIndex= 275
ind= 273  newIndex= 276
ind= 273  newIndex= 277
query =  /server.js?f=getnexttilesbyid&id=71210&count=5&next=1&self=0
ind= 277  newIndex= 278
ind= 277  newIndex= 279
ind= 277  newIndex= 280
ind= 277  newIndex= 281
query =  /server.js?f=getnexttilesbyid&id=70238&count=5&next=1&self=0
ind= 281  newIndex= 282
ind= 281  newIndex= 283
ind= 281  newIndex= 284
ind= 281  newIndex= 285
query =  /server.js?f=getnexttilesbyid&id=66324&count=5&next=1&self=0
ind= 285  newIndex= 286
ind= 285  newIndex= 287
ind= 285  newIndex= 288
ind= 285  newIndex= 289
query =  /server.js?f=getnexttilesbyid&id=60266&count=5&next=1&self=0
ind= 289  newIndex= 290
ind= 289  newIndex= 291
ind= 289  newIndex= 292
ind= 289  newIndex= 293
query =  /server.js?f=getnexttilesbyid&id=56567&count=5&next=1&self=0
ind= 293  newIndex= 294
ind= 293  newIndex= 295
ind= 293  newIndex= 296
ind= 293  newIndex= 297
query =  /server.js?f=getnexttilesbyid&id=53723&count=5&next=1&self=0
ind= 297  newIndex= 298
ind= 297  newIndex= 299
ind= 297  newIndex= 300
ind= 297  newIndex= 301
query =  /server.js?f=getnexttilesbyid&id=49194&count=5&next=1&self=0
ind= 301  newIndex= 302
ind= 301  newIndex= 303
ind= 301  newIndex= 304
ind= 301  newIndex= 305
query =  /server.js?f=getnexttilesbyid&id=38450&count=5&next=1&self=0
ind= 305  newIndex= 306
ind= 305  newIndex= 307
ind= 305  newIndex= 308
ind= 305  newIndex= 309
query =  /server.js?f=getnexttilesbyid&id=35002&count=5&next=1&self=0
ind= 309  newIndex= 310
ind= 309  newIndex= 311
ind= 309  newIndex= 312
ind= 309  newIndex= 313
query =  /server.js?f=getnexttilesbyid&id=34579&count=5&next=1&self=0
ind= 313  newIndex= 314
ind= 313  newIndex= 315
ind= 313  newIndex= 316
ind= 313  newIndex= 317
*** ostanovilis
query =  /server.js?f=getnexttilesbyid&id=281109&count=5&next=1&self=0
ind= 316  newIndex= 317
*** ostanovilis
query =  /
query =  /favicon.ico
query =  /apple-touch-icon-precomposed.png
query =  /apple-touch-icon.png
query =  /server.js?f=getnexttilesbyid&id=281109&count=5&next=1&self=0
ind= 316  newIndex= 317
*** ostanovilis
query =  /server.js?f=getnexttilesbyid&id=56656&count=5&next=0&self=0
ind= 292  newIndex= 291
ind= 292  newIndex= 290
ind= 292  newIndex= 289
ind= 292  newIndex= 288
query =  /server.js?f=getnexttilesbyid&id=281109&count=5&next=1&self=0
ind= 316  newIndex= 317
*** ostanovilis
query =  /server.js?f=getnexttilesbyid&id=60344&count=5&next=0&self=0
ind= 288  newIndex= 287
ind= 288  newIndex= 286
ind= 288  newIndex= 285
ind= 288  newIndex= 284
query =  /server.js?f=getnexttilesbyid&id=66329&count=5&next=0&self=0
ind= 284  newIndex= 283
ind= 284  newIndex= 282
ind= 284  newIndex= 281
ind= 284  newIndex= 280
query =  /server.js?f=getnexttilesbyid&id=70239&count=5&next=0&self=0
ind= 280  newIndex= 279
ind= 280  newIndex= 278
ind= 280  newIndex= 277
ind= 280  newIndex= 276
query =  /server.js?f=getnexttilesbyid&id=71213&count=5&next=0&self=0
ind= 276  newIndex= 275
ind= 276  newIndex= 274
ind= 276  newIndex= 273
ind= 276  newIndex= 272
query =  /server.js?f=getnexttilesbyid&id=72364&count=5&next=0&self=0
ind= 272  newIndex= 271
ind= 272  newIndex= 270
ind= 272  newIndex= 269
ind= 272  newIndex= 268
query =  /server.js?f=getnexttilesbyid&id=73870&count=5&next=0&self=0
ind= 268  newIndex= 267
ind= 268  newIndex= 266
ind= 268  newIndex= 265
ind= 268  newIndex= 264
query =  /server.js?f=getnexttilesbyid&id=81622&count=5&next=0&self=0
ind= 264  newIndex= 263
ind= 264  newIndex= 262
ind= 264  newIndex= 261
ind= 264  newIndex= 260
query =  /server.js?f=getnexttilesbyid&id=103543&count=5&next=0&self=0
ind= 260  newIndex= 259
ind= 260  newIndex= 258
ind= 260  newIndex= 257
ind= 260  newIndex= 256
query =  /server.js?f=getnexttilesbyid&id=110111&count=5&next=0&self=0
ind= 256  newIndex= 255
ind= 256  newIndex= 254
ind= 256  newIndex= 253
ind= 256  newIndex= 252
query =  /server.js?f=getnexttilesbyid&id=118731&count=5&next=0&self=0
ind= 252  newIndex= 251
ind= 252  newIndex= 250
ind= 252  newIndex= 249
ind= 252  newIndex= 248
query =  /server.js?f=getnexttilesbyid&id=128706&count=5&next=0&self=0
ind= 248  newIndex= 247
ind= 248  newIndex= 246
ind= 248  newIndex= 245
ind= 248  newIndex= 244
query =  /server.js?f=getnexttilesbyid&id=135846&count=5&next=0&self=0
ind= 244  newIndex= 243
ind= 244  newIndex= 242
ind= 244  newIndex= 241
ind= 244  newIndex= 240
query =  /server.js?f=getnexttilesbyid&id=142350&count=5&next=0&self=0
ind= 240  newIndex= 239
ind= 240  newIndex= 238
ind= 240  newIndex= 237
ind= 240  newIndex= 236
query =  /server.js?f=getnexttilesbyid&id=168868&count=5&next=0&self=0
ind= 236  newIndex= 235
ind= 236  newIndex= 234
ind= 236  newIndex= 233
ind= 236  newIndex= 232
query =  /server.js?f=getnexttilesbyid&id=171698&count=5&next=0&self=0
ind= 232  newIndex= 231
ind= 232  newIndex= 230
ind= 232  newIndex= 229
ind= 232  newIndex= 228
query =  /server.js?f=getnexttilesbyid&id=174980&count=5&next=0&self=0
ind= 228  newIndex= 227
ind= 228  newIndex= 226
ind= 228  newIndex= 225
ind= 228  newIndex= 224
query =  /server.js?f=getnexttilesbyid&id=176698&count=5&next=0&self=0
ind= 224  newIndex= 223
ind= 224  newIndex= 222
ind= 224  newIndex= 221
ind= 224  newIndex= 220
query =  /server.js?f=getnexttilesbyid&id=180759&count=5&next=0&self=0
ind= 220  newIndex= 219
ind= 220  newIndex= 218
ind= 220  newIndex= 217
ind= 220  newIndex= 216
query =  /server.js?f=getnexttilesbyid&id=182263&count=5&next=0&self=0
ind= 216  newIndex= 215
ind= 216  newIndex= 214
ind= 216  newIndex= 213
ind= 216  newIndex= 212
query =  /server.js?f=getnexttilesbyid&id=182926&count=5&next=0&self=0
ind= 212  newIndex= 211
ind= 212  newIndex= 210
ind= 212  newIndex= 209
ind= 212  newIndex= 208
query =  /
query =  /style.css
query =  /script.js
query =  /krug_next.png
query =  /server.js?f=getnexttilesbyid&id=175189&count=10&next=1&self=1
ind= 226  newIndex= 226
ind= 226  newIndex= 227
ind= 226  newIndex= 228
ind= 226  newIndex= 229
ind= 226  newIndex= 230
ind= 226  newIndex= 231
ind= 226  newIndex= 232
ind= 226  newIndex= 233
ind= 226  newIndex= 234
ind= 226  newIndex= 235
query =  /krug_prep.png
query =  /loading.gif
query =  /apple-touch-icon-precomposed.png
query =  /apple-touch-icon.png
query =  /server.js?f=getnexttilesbyid&id=175189&count=5&next=0&self=0
ind= 226  newIndex= 225
ind= 226  newIndex= 224
ind= 226  newIndex= 223
ind= 226  newIndex= 222
query =  /server.js?f=getnexttilesbyid&id=179860&count=5&next=0&self=0
ind= 222  newIndex= 221
ind= 222  newIndex= 220
ind= 222  newIndex= 219
ind= 222  newIndex= 218
query =  /server.js?f=getnexttilesbyid&id=182286&count=5&next=0&self=0
ind= 218  newIndex= 217
ind= 218  newIndex= 216
ind= 218  newIndex= 215
ind= 218  newIndex= 214
query =  /server.js?f=getnexttilesbyid&id=180940&count=5&next=0&self=0
ind= 214  newIndex= 213
ind= 214  newIndex= 212
ind= 214  newIndex= 211
ind= 214  newIndex= 210
query =  /server.js?f=getnexttilesbyid&id=185688&count=5&next=0&self=0
ind= 210  newIndex= 209
ind= 210  newIndex= 208
ind= 210  newIndex= 207
ind= 210  newIndex= 206
query =  /server.js?f=getnexttilesbyid&id=192110&count=5&next=0&self=0
ind= 206  newIndex= 205
ind= 206  newIndex= 204
ind= 206  newIndex= 203
ind= 206  newIndex= 202
query =  /server.js?f=getnexttilesbyid&id=192291&count=5&next=0&self=0
ind= 202  newIndex= 201
ind= 202  newIndex= 200
ind= 202  newIndex= 199
ind= 202  newIndex= 198
query =  /server.js?f=getnexttilesbyid&id=201528&count=5&next=0&self=0
ind= 198  newIndex= 197
ind= 198  newIndex= 196
ind= 198  newIndex= 195
ind= 198  newIndex= 194
query =  /server.js?f=getnexttilesbyid&id=38350&count=5&next=0&self=0
ind= 194  newIndex= 193
ind= 194  newIndex= 192
ind= 194  newIndex= 191
ind= 194  newIndex= 190
query =  /server.js?f=getnexttilesbyid&id=681326&count=5&next=0&self=0
ind= 190  newIndex= 189
ind= 190  newIndex= 188
ind= 190  newIndex= 187
ind= 190  newIndex= 186
query =  /server.js?f=getnexttilesbyid&id=628826&count=5&next=0&self=0
ind= 186  newIndex= 185
ind= 186  newIndex= 184
ind= 186  newIndex= 183
ind= 186  newIndex= 182
query =  /server.js?f=getnexttilesbyid&id=566031&count=5&next=0&self=0
ind= 182  newIndex= 181
ind= 182  newIndex= 180
ind= 182  newIndex= 179
ind= 182  newIndex= 178
query =  /server.js?f=getnexttilesbyid&id=450990&count=5&next=0&self=0
ind= 178  newIndex= 177
ind= 178  newIndex= 176
ind= 178  newIndex= 175
ind= 178  newIndex= 174
query =  /server.js?f=getnexttilesbyid&id=386816&count=5&next=0&self=0
ind= 174  newIndex= 173
ind= 174  newIndex= 172
ind= 174  newIndex= 171
ind= 174  newIndex= 170
query =  /server.js?f=getnexttilesbyid&id=353399&count=5&next=0&self=0
ind= 170  newIndex= 169
ind= 170  newIndex= 168
ind= 170  newIndex= 167
ind= 170  newIndex= 166
query =  /server.js?f=getnexttilesbyid&id=340014&count=5&next=0&self=0
ind= 166  newIndex= 165
ind= 166  newIndex= 164
ind= 166  newIndex= 163
ind= 166  newIndex= 162
query =  /server.js?f=getnexttilesbyid&id=312781&count=5&next=0&self=0
ind= 162  newIndex= 161
ind= 162  newIndex= 160
ind= 162  newIndex= 159
ind= 162  newIndex= 158
query =  /
query =  /style.css
query =  /script.js
query =  /krug_next.png
query =  /server.js?f=getnexttilesbyid&id=350983&count=10&next=1&self=1
ind= 169  newIndex= 169
ind= 169  newIndex= 170
ind= 169  newIndex= 171
ind= 169  newIndex= 172
ind= 169  newIndex= 173
ind= 169  newIndex= 174
ind= 169  newIndex= 175
ind= 169  newIndex= 176
ind= 169  newIndex= 177
ind= 169  newIndex= 178
query =  /krug_prep.png
query =  /loading.gif
query =  /apple-touch-icon-precomposed.png
query =  /apple-touch-icon.png
query =  /server.js?f=getnexttilesbyid&id=350983&count=5&next=0&self=0
ind= 169  newIndex= 168
ind= 169  newIndex= 167
ind= 169  newIndex= 166
ind= 169  newIndex= 165
query =  /server.js?f=getnexttilesbyid&id=339344&count=5&next=0&self=0
ind= 165  newIndex= 164
ind= 165  newIndex= 163
ind= 165  newIndex= 162
ind= 165  newIndex= 161
query =  /server.js?f=getnexttilesbyid&id=301436&count=5&next=0&self=0
ind= 161  newIndex= 160
ind= 161  newIndex= 159
ind= 161  newIndex= 158
ind= 161  newIndex= 157
query =  /server.js?f=getnexttilesbyid&id=288712&count=5&next=0&self=0
ind= 157  newIndex= 156
ind= 157  newIndex= 155
ind= 157  newIndex= 154
ind= 157  newIndex= 153
query =  /server.js?f=getnexttilesbyid&id=284259&count=5&next=0&self=0
ind= 153  newIndex= 152
ind= 153  newIndex= 151
ind= 153  newIndex= 150
ind= 153  newIndex= 149
query =  /
query =  /
query =  /style.css
query =  /script.js
query =  /server.js?f=getnexttilesbyid&id=0&count=16&next=1&self=1
ind= 0  newIndex= 0
ind= 0  newIndex= 1
ind= 0  newIndex= 2
ind= 0  newIndex= 3
ind= 0  newIndex= 4
ind= 0  newIndex= 5
ind= 0  newIndex= 6
ind= 0  newIndex= 7
ind= 0  newIndex= 8
ind= 0  newIndex= 9
ind= 0  newIndex= 10
ind= 0  newIndex= 11
ind= 0  newIndex= 12
ind= 0  newIndex= 13
ind= 0  newIndex= 14
ind= 0  newIndex= 15
query =  /krug_next.png
query =  /krug_prep.png
query =  /favicon.ico
query =  /loading.gif
query =  /favicon.ico
query =  /server.js?f=getnexttilesbyid&id=727927&count=8&next=0&self=0
ind= 0  newIndex= -1
*** ostanovilis
query =  /server.js?f=getnexttilesbyid&id=727927&count=8&next=0&self=0
ind= 0  newIndex= -1
*** ostanovilis
query =  /server.js?f=getnexttilesbyid&id=714575&count=8&next=1&self=0
ind= 15  newIndex= 16
ind= 15  newIndex= 17
ind= 15  newIndex= 18
ind= 15  newIndex= 19
ind= 15  newIndex= 20
ind= 15  newIndex= 21
ind= 15  newIndex= 22
query =  /server.js?f=getnexttilesbyid&id=203433&count=8&next=1&self=0
ind= 22  newIndex= 23
ind= 22  newIndex= 24
ind= 22  newIndex= 25
ind= 22  newIndex= 26
ind= 22  newIndex= 27
ind= 22  newIndex= 28
ind= 22  newIndex= 29
query =  /server.js?f=getnexttilesbyid&id=115570&count=8&next=1&self=0
ind= 29  newIndex= 30
ind= 29  newIndex= 31
ind= 29  newIndex= 32
ind= 29  newIndex= 33
ind= 29  newIndex= 34
ind= 29  newIndex= 35
ind= 29  newIndex= 36
query =  /server.js?f=getnexttilesbyid&id=221954&count=8&next=1&self=0
ind= 36  newIndex= 37
ind= 36  newIndex= 38
ind= 36  newIndex= 39
ind= 36  newIndex= 40
ind= 36  newIndex= 41
ind= 36  newIndex= 42
ind= 36  newIndex= 43
query =  /server.js?f=getnexttilesbyid&id=257854&count=8&next=1&self=0
ind= 43  newIndex= 44
ind= 43  newIndex= 45
ind= 43  newIndex= 46
ind= 43  newIndex= 47
ind= 43  newIndex= 48
ind= 43  newIndex= 49
ind= 43  newIndex= 50
query =  /server.js?f=getnexttilesbyid&id=358732&count=8&next=1&self=0
ind= 50  newIndex= 51
ind= 50  newIndex= 52
ind= 50  newIndex= 53
ind= 50  newIndex= 54
ind= 50  newIndex= 55
ind= 50  newIndex= 56
ind= 50  newIndex= 57
query =  /server.js?f=getnexttilesbyid&id=372188&count=8&next=1&self=0
ind= 57  newIndex= 58
ind= 57  newIndex= 59
ind= 57  newIndex= 60
ind= 57  newIndex= 61
ind= 57  newIndex= 62
ind= 57  newIndex= 63
ind= 57  newIndex= 64
query =  /server.js?f=getnexttilesbyid&id=416082&count=8&next=1&self=0
ind= 64  newIndex= 65
ind= 64  newIndex= 66
ind= 64  newIndex= 67
ind= 64  newIndex= 68
ind= 64  newIndex= 69
ind= 64  newIndex= 70
ind= 64  newIndex= 71
query =  /server.js?f=getnexttilesbyid&id=462597&count=8&next=1&self=0
ind= 71  newIndex= 72
ind= 71  newIndex= 73
ind= 71  newIndex= 74
ind= 71  newIndex= 75
ind= 71  newIndex= 76
ind= 71  newIndex= 77
ind= 71  newIndex= 78
query =  /
query =  /style.css
query =  /script.js
query =  /server.js?f=getnexttilesbyid&id=474972&count=16&next=1&self=1
ind= 72  newIndex= 72
ind= 72  newIndex= 73
ind= 72  newIndex= 74
ind= 72  newIndex= 75
ind= 72  newIndex= 76
ind= 72  newIndex= 77
ind= 72  newIndex= 78
ind= 72  newIndex= 79
ind= 72  newIndex= 80
ind= 72  newIndex= 81
ind= 72  newIndex= 82
ind= 72  newIndex= 83
ind= 72  newIndex= 84
ind= 72  newIndex= 85
ind= 72  newIndex= 86
ind= 72  newIndex= 87
query =  /krug_next.png
query =  /krug_prep.png
query =  /favicon.ico
query =  /loading.gif
query =  /server.js?f=getnexttilesbyid&id=474972&count=8&next=0&self=0
ind= 72  newIndex= 71
ind= 72  newIndex= 70
ind= 72  newIndex= 69
ind= 72  newIndex= 68
ind= 72  newIndex= 67
ind= 72  newIndex= 66
ind= 72  newIndex= 65
query =  /server.js?f=getnexttilesbyid&id=110976&count=8&next=1&self=0
ind= 87  newIndex= 88
ind= 87  newIndex= 89
ind= 87  newIndex= 90
ind= 87  newIndex= 91
ind= 87  newIndex= 92
ind= 87  newIndex= 93
ind= 87  newIndex= 94
query =  /server.js?f=getnexttilesbyid&id=285394&count=8&next=1&self=0
ind= 94  newIndex= 95
ind= 94  newIndex= 96
ind= 94  newIndex= 97
ind= 94  newIndex= 98
ind= 94  newIndex= 99
ind= 94  newIndex= 100
ind= 94  newIndex= 101
query =  /server.js?f=getnexttilesbyid&id=634373&count=8&next=1&self=0
ind= 101  newIndex= 102
ind= 101  newIndex= 103
ind= 101  newIndex= 104
ind= 101  newIndex= 105
ind= 101  newIndex= 106
ind= 101  newIndex= 107
ind= 101  newIndex= 108
query =  /server.js?f=getnexttilesbyid&id=701609&count=8&next=1&self=0
ind= 108  newIndex= 109
ind= 108  newIndex= 110
ind= 108  newIndex= 111
ind= 108  newIndex= 112
ind= 108  newIndex= 113
ind= 108  newIndex= 114
ind= 108  newIndex= 115
query =  /server.js?f=getnexttilesbyid&id=175235&count=8&next=1&self=0
ind= 115  newIndex= 116
ind= 115  newIndex= 117
ind= 115  newIndex= 118
ind= 115  newIndex= 119
ind= 115  newIndex= 120
ind= 115  newIndex= 121
ind= 115  newIndex= 122
query =  /server.js?f=getnexttilesbyid&id=232091&count=8&next=1&self=0
ind= 122  newIndex= 123
ind= 122  newIndex= 124
ind= 122  newIndex= 125
ind= 122  newIndex= 126
ind= 122  newIndex= 127
ind= 122  newIndex= 128
ind= 122  newIndex= 129
query =  /server.js?f=getnexttilesbyid&id=244980&count=8&next=1&self=0
ind= 129  newIndex= 130
ind= 129  newIndex= 131
ind= 129  newIndex= 132
ind= 129  newIndex= 133
ind= 129  newIndex= 134
ind= 129  newIndex= 135
ind= 129  newIndex= 136
query =  /server.js?f=getnexttilesbyid&id=251775&count=8&next=1&self=0
ind= 136  newIndex= 137
ind= 136  newIndex= 138
ind= 136  newIndex= 139
ind= 136  newIndex= 140
ind= 136  newIndex= 141
ind= 136  newIndex= 142
ind= 136  newIndex= 143
query =  /server.js?f=getnexttilesbyid&id=274938&count=8&next=1&self=0
ind= 143  newIndex= 144
ind= 143  newIndex= 145
ind= 143  newIndex= 146
ind= 143  newIndex= 147
ind= 143  newIndex= 148
ind= 143  newIndex= 149
ind= 143  newIndex= 150
query =  /server.js?f=getnexttilesbyid&id=283171&count=8&next=1&self=0
ind= 150  newIndex= 151
ind= 150  newIndex= 152
ind= 150  newIndex= 153
ind= 150  newIndex= 154
ind= 150  newIndex= 155
ind= 150  newIndex= 156
ind= 150  newIndex= 157
query =  /
query =  /style.css
query =  /script.js
query =  /server.js?f=getnexttilesbyid&id=0&count=16&next=1&self=1
ind= 0  newIndex= 0
ind= 0  newIndex= 1
ind= 0  newIndex= 2
ind= 0  newIndex= 3
ind= 0  newIndex= 4
ind= 0  newIndex= 5
ind= 0  newIndex= 6
ind= 0  newIndex= 7
ind= 0  newIndex= 8
ind= 0  newIndex= 9
ind= 0  newIndex= 10
ind= 0  newIndex= 11
ind= 0  newIndex= 12
ind= 0  newIndex= 13
ind= 0  newIndex= 14
ind= 0  newIndex= 15
query =  /krug_prep.png
query =  /krug_next.png
query =  /loading.gif
query =  /server.js?f=getnexttilesbyid&id=714575&count=8&next=1&self=0
ind= 15  newIndex= 16
ind= 15  newIndex= 17
ind= 15  newIndex= 18
ind= 15  newIndex= 19
ind= 15  newIndex= 20
ind= 15  newIndex= 21
ind= 15  newIndex= 22
query =  /server.js?f=getnexttilesbyid&id=203433&count=8&next=1&self=0
ind= 22  newIndex= 23
ind= 22  newIndex= 24
ind= 22  newIndex= 25
ind= 22  newIndex= 26
ind= 22  newIndex= 27
ind= 22  newIndex= 28
ind= 22  newIndex= 29
query =  /server.js?f=getnexttilesbyid&id=115570&count=8&next=1&self=0
ind= 29  newIndex= 30
ind= 29  newIndex= 31
ind= 29  newIndex= 32
ind= 29  newIndex= 33
ind= 29  newIndex= 34
ind= 29  newIndex= 35
ind= 29  newIndex= 36
query =  /server.js?f=getnexttilesbyid&id=221954&count=8&next=1&self=0
ind= 36  newIndex= 37
ind= 36  newIndex= 38
ind= 36  newIndex= 39
ind= 36  newIndex= 40
ind= 36  newIndex= 41
ind= 36  newIndex= 42
ind= 36  newIndex= 43
query =  /server.js?f=getnexttilesbyid&id=257854&count=8&next=1&self=0
ind= 43  newIndex= 44
ind= 43  newIndex= 45
ind= 43  newIndex= 46
ind= 43  newIndex= 47
ind= 43  newIndex= 48
ind= 43  newIndex= 49
ind= 43  newIndex= 50
query =  /server.js?f=getnexttilesbyid&id=358732&count=8&next=1&self=0
ind= 50  newIndex= 51
ind= 50  newIndex= 52
ind= 50  newIndex= 53
ind= 50  newIndex= 54
ind= 50  newIndex= 55
ind= 50  newIndex= 56
ind= 50  newIndex= 57
query =  /server.js?f=getnexttilesbyid&id=372188&count=8&next=1&self=0
ind= 57  newIndex= 58
ind= 57  newIndex= 59
ind= 57  newIndex= 60
ind= 57  newIndex= 61
ind= 57  newIndex= 62
ind= 57  newIndex= 63
ind= 57  newIndex= 64
query =  /server.js?f=getnexttilesbyid&id=416082&count=8&next=1&self=0
ind= 64  newIndex= 65
ind= 64  newIndex= 66
ind= 64  newIndex= 67
ind= 64  newIndex= 68
ind= 64  newIndex= 69
ind= 64  newIndex= 70
ind= 64  newIndex= 71
query =  /server.js?f=getnexttilesbyid&id=462597&count=8&next=1&self=0
ind= 71  newIndex= 72
ind= 71  newIndex= 73
ind= 71  newIndex= 74
ind= 71  newIndex= 75
ind= 71  newIndex= 76
ind= 71  newIndex= 77
ind= 71  newIndex= 78
query =  /server.js?f=getnexttilesbyid&id=509085&count=8&next=1&self=0
ind= 78  newIndex= 79
ind= 78  newIndex= 80
ind= 78  newIndex= 81
ind= 78  newIndex= 82
ind= 78  newIndex= 83
ind= 78  newIndex= 84
ind= 78  newIndex= 85
query =  /server.js?f=getnexttilesbyid&id=582319&count=8&next=1&self=0
ind= 85  newIndex= 86
ind= 85  newIndex= 87
ind= 85  newIndex= 88
ind= 85  newIndex= 89
ind= 85  newIndex= 90
ind= 85  newIndex= 91
ind= 85  newIndex= 92
query =  /server.js?f=getnexttilesbyid&id=688703&count=8&next=1&self=0
ind= 92  newIndex= 93
ind= 92  newIndex= 94
ind= 92  newIndex= 95
ind= 92  newIndex= 96
ind= 92  newIndex= 97
ind= 92  newIndex= 98
ind= 92  newIndex= 99
query =  /server.js?f=getnexttilesbyid&id=616817&count=8&next=1&self=0
ind= 99  newIndex= 100
ind= 99  newIndex= 101
ind= 99  newIndex= 102
ind= 99  newIndex= 103
ind= 99  newIndex= 104
ind= 99  newIndex= 105
ind= 99  newIndex= 106
query =  /server.js?f=getnexttilesbyid&id=688958&count=8&next=1&self=0
ind= 106  newIndex= 107
ind= 106  newIndex= 108
ind= 106  newIndex= 109
ind= 106  newIndex= 110
ind= 106  newIndex= 111
ind= 106  newIndex= 112
ind= 106  newIndex= 113
query =  /server.js?f=getnexttilesbyid&id=145881&count=8&next=1&self=0
ind= 113  newIndex= 114
ind= 113  newIndex= 115
ind= 113  newIndex= 116
ind= 113  newIndex= 117
ind= 113  newIndex= 118
ind= 113  newIndex= 119
ind= 113  newIndex= 120
query =  /server.js?f=getnexttilesbyid&id=229498&count=8&next=1&self=0
ind= 120  newIndex= 121
ind= 120  newIndex= 122
ind= 120  newIndex= 123
ind= 120  newIndex= 124
ind= 120  newIndex= 125
ind= 120  newIndex= 126
ind= 120  newIndex= 127
query =  /server.js?f=getnexttilesbyid&id=241559&count=8&next=1&self=0
ind= 127  newIndex= 128
ind= 127  newIndex= 129
ind= 127  newIndex= 130
ind= 127  newIndex= 131
ind= 127  newIndex= 132
ind= 127  newIndex= 133
ind= 127  newIndex= 134
query =  /server.js?f=getnexttilesbyid&id=249008&count=8&next=1&self=0
ind= 134  newIndex= 135
ind= 134  newIndex= 136
ind= 134  newIndex= 137
ind= 134  newIndex= 138
ind= 134  newIndex= 139
ind= 134  newIndex= 140
ind= 134  newIndex= 141
query =  /server.js?f=getnexttilesbyid&id=270644&count=8&next=1&self=0
ind= 141  newIndex= 142
ind= 141  newIndex= 143
ind= 141  newIndex= 144
ind= 141  newIndex= 145
ind= 141  newIndex= 146
ind= 141  newIndex= 147
ind= 141  newIndex= 148
query =  /server.js?f=getnexttilesbyid&id=278491&count=8&next=1&self=0
ind= 148  newIndex= 149
ind= 148  newIndex= 150
ind= 148  newIndex= 151
ind= 148  newIndex= 152
ind= 148  newIndex= 153
ind= 148  newIndex= 154
ind= 148  newIndex= 155
query =  /server.js?f=getnexttilesbyid&id=285391&count=8&next=1&self=0
ind= 155  newIndex= 156
ind= 155  newIndex= 157
ind= 155  newIndex= 158
ind= 155  newIndex= 159
ind= 155  newIndex= 160
ind= 155  newIndex= 161
ind= 155  newIndex= 162
query =  /server.js?f=getnexttilesbyid&id=312781&count=8&next=1&self=0
ind= 162  newIndex= 163
ind= 162  newIndex= 164
ind= 162  newIndex= 165
ind= 162  newIndex= 166
ind= 162  newIndex= 167
ind= 162  newIndex= 168
ind= 162  newIndex= 169
query =  /server.js?f=getnexttilesbyid&id=350983&count=8&next=1&self=0
ind= 169  newIndex= 170
ind= 169  newIndex= 171
ind= 169  newIndex= 172
ind= 169  newIndex= 173
ind= 169  newIndex= 174
ind= 169  newIndex= 175
ind= 169  newIndex= 176
query =  /server.js?f=getnexttilesbyid&id=395756&count=8&next=1&self=0
ind= 176  newIndex= 177
ind= 176  newIndex= 178
ind= 176  newIndex= 179
ind= 176  newIndex= 180
ind= 176  newIndex= 181
ind= 176  newIndex= 182
ind= 176  newIndex= 183
query =  /server.js?f=getnexttilesbyid&id=569517&count=8&next=1&self=0
ind= 183  newIndex= 184
ind= 183  newIndex= 185
ind= 183  newIndex= 186
ind= 183  newIndex= 187
ind= 183  newIndex= 188
ind= 183  newIndex= 189
ind= 183  newIndex= 190
query =  /server.js?f=getnexttilesbyid&id=681326&count=8&next=1&self=0
ind= 190  newIndex= 191
ind= 190  newIndex= 192
ind= 190  newIndex= 193
ind= 190  newIndex= 194
ind= 190  newIndex= 195
ind= 190  newIndex= 196
ind= 190  newIndex= 197
query =  /server.js?f=getnexttilesbyid&id=203667&count=8&next=1&self=0
ind= 197  newIndex= 198
ind= 197  newIndex= 199
ind= 197  newIndex= 200
ind= 197  newIndex= 201
ind= 197  newIndex= 202
ind= 197  newIndex= 203
ind= 197  newIndex= 204
query =  /server.js?f=getnexttilesbyid&id=153213&count=8&next=1&self=0
ind= 204  newIndex= 205
ind= 204  newIndex= 206
ind= 204  newIndex= 207
ind= 204  newIndex= 208
ind= 204  newIndex= 209
ind= 204  newIndex= 210
ind= 204  newIndex= 211
query =  /server.js?f=getnexttilesbyid&id=185240&count=8&next=1&self=0
ind= 211  newIndex= 212
ind= 211  newIndex= 213
ind= 211  newIndex= 214
ind= 211  newIndex= 215
ind= 211  newIndex= 216
ind= 211  newIndex= 217
ind= 211  newIndex= 218
query =  /server.js?f=getnexttilesbyid&id=182286&count=8&next=1&self=0
ind= 218  newIndex= 219
ind= 218  newIndex= 220
ind= 218  newIndex= 221
ind= 218  newIndex= 222
ind= 218  newIndex= 223
ind= 218  newIndex= 224
ind= 218  newIndex= 225
query =  /server.js?f=getnexttilesbyid&id=175233&count=8&next=1&self=0
ind= 225  newIndex= 226
ind= 225  newIndex= 227
ind= 225  newIndex= 228
ind= 225  newIndex= 229
ind= 225  newIndex= 230
ind= 225  newIndex= 231
ind= 225  newIndex= 232
query =  /server.js?f=getnexttilesbyid&id=171698&count=8&next=1&self=0
ind= 232  newIndex= 233
ind= 232  newIndex= 234
ind= 232  newIndex= 235
ind= 232  newIndex= 236
ind= 232  newIndex= 237
ind= 232  newIndex= 238
ind= 232  newIndex= 239
query =  /server.js?f=getnexttilesbyid&id=147208&count=8&next=1&self=0
ind= 239  newIndex= 240
ind= 239  newIndex= 241
ind= 239  newIndex= 242
ind= 239  newIndex= 243
ind= 239  newIndex= 244
ind= 239  newIndex= 245
ind= 239  newIndex= 246
query =  /server.js?f=getnexttilesbyid&id=131747&count=8&next=1&self=0
ind= 246  newIndex= 247
ind= 246  newIndex= 248
ind= 246  newIndex= 249
ind= 246  newIndex= 250
ind= 246  newIndex= 251
ind= 246  newIndex= 252
ind= 246  newIndex= 253
query =  /server.js?f=getnexttilesbyid&id=118560&count=8&next=1&self=0
ind= 253  newIndex= 254
ind= 253  newIndex= 255
ind= 253  newIndex= 256
ind= 253  newIndex= 257
ind= 253  newIndex= 258
ind= 253  newIndex= 259
ind= 253  newIndex= 260
query =  /server.js?f=getnexttilesbyid&id=103543&count=8&next=1&self=0
ind= 260  newIndex= 261
ind= 260  newIndex= 262
ind= 260  newIndex= 263
ind= 260  newIndex= 264
ind= 260  newIndex= 265
ind= 260  newIndex= 266
ind= 260  newIndex= 267
query =  /server.js?f=getnexttilesbyid&id=75708&count=8&next=1&self=0
ind= 267  newIndex= 268
ind= 267  newIndex= 269
ind= 267  newIndex= 270
ind= 267  newIndex= 271
ind= 267  newIndex= 272
ind= 267  newIndex= 273
ind= 267  newIndex= 274
query =  /server.js?f=getnexttilesbyid&id=71975&count=8&next=1&self=0
ind= 274  newIndex= 275
ind= 274  newIndex= 276
ind= 274  newIndex= 277
ind= 274  newIndex= 278
ind= 274  newIndex= 279
ind= 274  newIndex= 280
ind= 274  newIndex= 281
query =  /server.js?f=getnexttilesbyid&id=70238&count=8&next=1&self=0
ind= 281  newIndex= 282
ind= 281  newIndex= 283
ind= 281  newIndex= 284
ind= 281  newIndex= 285
ind= 281  newIndex= 286
ind= 281  newIndex= 287
ind= 281  newIndex= 288
query =  /server.js?f=getnexttilesbyid&id=60344&count=8&next=1&self=0
ind= 288  newIndex= 289
ind= 288  newIndex= 290
ind= 288  newIndex= 291
ind= 288  newIndex= 292
ind= 288  newIndex= 293
ind= 288  newIndex= 294
ind= 288  newIndex= 295
query =  /server.js?f=getnexttilesbyid&id=55997&count=8&next=1&self=0
ind= 295  newIndex= 296
ind= 295  newIndex= 297
ind= 295  newIndex= 298
ind= 295  newIndex= 299
ind= 295  newIndex= 300
ind= 295  newIndex= 301
ind= 295  newIndex= 302
query =  /server.js?f=getnexttilesbyid&id=43970&count=8&next=1&self=0
ind= 302  newIndex= 303
ind= 302  newIndex= 304
ind= 302  newIndex= 305
ind= 302  newIndex= 306
ind= 302  newIndex= 307
ind= 302  newIndex= 308
ind= 302  newIndex= 309
query =  /server.js?f=getnexttilesbyid&id=35002&count=8&next=1&self=0
ind= 309  newIndex= 310
ind= 309  newIndex= 311
ind= 309  newIndex= 312
ind= 309  newIndex= 313
ind= 309  newIndex= 314
ind= 309  newIndex= 315
ind= 309  newIndex= 316
query =  /server.js?f=getnexttilesbyid&id=281109&count=8&next=1&self=0
ind= 316  newIndex= 317
*** ostanovilis
query =  /
query =  /style.css
query =  /script.js
query =  /server.js?f=getnexttilesbyid&id=33195&count=16&next=1&self=1
ind= 314  newIndex= 314
ind= 314  newIndex= 315
ind= 314  newIndex= 316
ind= 314  newIndex= 317
*** ostanovilis
query =  /krug_next.png
query =  /krug_prep.png
query =  /favicon.ico
query =  /server.js?f=getnexttilesbyid&id=33195&count=16&next=0&self=0
ind= 314  newIndex= 313
ind= 314  newIndex= 312
ind= 314  newIndex= 311
ind= 314  newIndex= 310
ind= 314  newIndex= 309
ind= 314  newIndex= 308
ind= 314  newIndex= 307
ind= 314  newIndex= 306
ind= 314  newIndex= 305
ind= 314  newIndex= 304
ind= 314  newIndex= 303
ind= 314  newIndex= 302
ind= 314  newIndex= 301
ind= 314  newIndex= 300
ind= 314  newIndex= 299
query =  /loading.gif
query =  /server.js?f=getnexttilesbyid&id=51776&count=8&next=0&self=0
ind= 299  newIndex= 298
ind= 299  newIndex= 297
ind= 299  newIndex= 296
ind= 299  newIndex= 295
ind= 299  newIndex= 294
ind= 299  newIndex= 293
ind= 299  newIndex= 292
query =  /server.js?f=getnexttilesbyid&id=56656&count=8&next=0&self=0
ind= 292  newIndex= 291
ind= 292  newIndex= 290
ind= 292  newIndex= 289
ind= 292  newIndex= 288
ind= 292  newIndex= 287
ind= 292  newIndex= 286
ind= 292  newIndex= 285
query =  /server.js?f=getnexttilesbyid&id=66324&count=8&next=0&self=0
ind= 285  newIndex= 284
ind= 285  newIndex= 283
ind= 285  newIndex= 282
ind= 285  newIndex= 281
ind= 285  newIndex= 280
ind= 285  newIndex= 279
ind= 285  newIndex= 278
query =  /server.js?f=getnexttilesbyid&id=71206&count=8&next=0&self=0
ind= 278  newIndex= 277
ind= 278  newIndex= 276
ind= 278  newIndex= 275
ind= 278  newIndex= 274
ind= 278  newIndex= 273
ind= 278  newIndex= 272
ind= 278  newIndex= 271
query =  /server.js?f=getnexttilesbyid&id=72367&count=8&next=0&self=0
ind= 271  newIndex= 270
ind= 271  newIndex= 269
ind= 271  newIndex= 268
ind= 271  newIndex= 267
ind= 271  newIndex= 266
ind= 271  newIndex= 265
ind= 271  newIndex= 264
query =  /server.js?f=getnexttilesbyid&id=81622&count=8&next=0&self=0
ind= 264  newIndex= 263
ind= 264  newIndex= 262
ind= 264  newIndex= 261
ind= 264  newIndex= 260
ind= 264  newIndex= 259
ind= 264  newIndex= 258
ind= 264  newIndex= 257
query =  /server.js?f=getnexttilesbyid&id=110109&count=8&next=0&self=0
ind= 257  newIndex= 256
ind= 257  newIndex= 255
ind= 257  newIndex= 254
ind= 257  newIndex= 253
ind= 257  newIndex= 252
ind= 257  newIndex= 251
ind= 257  newIndex= 250
query =  /server.js?f=getnexttilesbyid&id=281109&count=8&next=1&self=0
ind= 316  newIndex= 317
*** ostanovilis
query =  /server.js?f=getnexttilesbyid&id=120321&count=8&next=0&self=0
ind= 250  newIndex= 249
ind= 250  newIndex= 248
ind= 250  newIndex= 247
ind= 250  newIndex= 246
ind= 250  newIndex= 245
ind= 250  newIndex= 244
ind= 250  newIndex= 243
query =  /server.js?f=getnexttilesbyid&id=281109&count=8&next=1&self=0
ind= 316  newIndex= 317
*** ostanovilis
query =  /server.js?f=getnexttilesbyid&id=281109&count=8&next=1&self=0
ind= 316  newIndex= 317
*** ostanovilis
query =  /server.js?f=getnexttilesbyid&id=135847&count=8&next=0&self=0
ind= 243  newIndex= 242
ind= 243  newIndex= 241
ind= 243  newIndex= 240
ind= 243  newIndex= 239
ind= 243  newIndex= 238
ind= 243  newIndex= 237
ind= 243  newIndex= 236
query =  /server.js?f=getnexttilesbyid&id=168868&count=8&next=0&self=0
ind= 236  newIndex= 235
ind= 236  newIndex= 234
ind= 236  newIndex= 233
ind= 236  newIndex= 232
ind= 236  newIndex= 231
ind= 236  newIndex= 230
ind= 236  newIndex= 229
query =  /server.js?f=getnexttilesbyid&id=174670&count=8&next=0&self=0
ind= 229  newIndex= 228
ind= 229  newIndex= 227
ind= 229  newIndex= 226
ind= 229  newIndex= 225
ind= 229  newIndex= 224
ind= 229  newIndex= 223
ind= 229  newIndex= 222
query =  /server.js?f=getnexttilesbyid&id=179860&count=8&next=0&self=0
ind= 222  newIndex= 221
ind= 222  newIndex= 220
ind= 222  newIndex= 219
ind= 222  newIndex= 218
ind= 222  newIndex= 217
ind= 222  newIndex= 216
ind= 222  newIndex= 215
query =  /server.js?f=getnexttilesbyid&id=182461&count=8&next=0&self=0
ind= 215  newIndex= 214
ind= 215  newIndex= 213
ind= 215  newIndex= 212
ind= 215  newIndex= 211
ind= 215  newIndex= 210
ind= 215  newIndex= 209
ind= 215  newIndex= 208
query =  /server.js?f=getnexttilesbyid&id=186574&count=8&next=0&self=0
ind= 208  newIndex= 207
ind= 208  newIndex= 206
ind= 208  newIndex= 205
ind= 208  newIndex= 204
ind= 208  newIndex= 203
ind= 208  newIndex= 202
ind= 208  newIndex= 201
query =  /server.js?f=getnexttilesbyid&id=192293&count=8&next=0&self=0
ind= 201  newIndex= 200
ind= 201  newIndex= 199
ind= 201  newIndex= 198
ind= 201  newIndex= 197
ind= 201  newIndex= 196
ind= 201  newIndex= 195
ind= 201  newIndex= 194
query =  /server.js?f=getnexttilesbyid&id=38350&count=8&next=0&self=0
ind= 194  newIndex= 193
ind= 194  newIndex= 192
ind= 194  newIndex= 191
ind= 194  newIndex= 190
ind= 194  newIndex= 189
ind= 194  newIndex= 188
ind= 194  newIndex= 187
query =  /server.js?f=getnexttilesbyid&id=635278&count=8&next=0&self=0
ind= 187  newIndex= 186
ind= 187  newIndex= 185
ind= 187  newIndex= 184
ind= 187  newIndex= 183
ind= 187  newIndex= 182
ind= 187  newIndex= 181
ind= 187  newIndex= 180
query =  /server.js?f=getnexttilesbyid&id=459387&count=8&next=0&self=0
ind= 180  newIndex= 179
ind= 180  newIndex= 178
ind= 180  newIndex= 177
ind= 180  newIndex= 176
ind= 180  newIndex= 175
ind= 180  newIndex= 174
ind= 180  newIndex= 173
query =  /server.js?f=getnexttilesbyid&id=360378&count=8&next=0&self=0
ind= 173  newIndex= 172
ind= 173  newIndex= 171
ind= 173  newIndex= 170
ind= 173  newIndex= 169
ind= 173  newIndex= 168
ind= 173  newIndex= 167
ind= 173  newIndex= 166
query =  /server.js?f=getnexttilesbyid&id=340014&count=8&next=0&self=0
ind= 166  newIndex= 165
ind= 166  newIndex= 164
ind= 166  newIndex= 163
ind= 166  newIndex= 162
ind= 166  newIndex= 161
ind= 166  newIndex= 160
ind= 166  newIndex= 159
query =  /server.js?f=getnexttilesbyid&id=297786&count=8&next=0&self=0
ind= 159  newIndex= 158
ind= 159  newIndex= 157
ind= 159  newIndex= 156
ind= 159  newIndex= 155
ind= 159  newIndex= 154
ind= 159  newIndex= 153
ind= 159  newIndex= 152
query =  /server.js?f=getnexttilesbyid&id=284014&count=8&next=0&self=0
ind= 152  newIndex= 151
ind= 152  newIndex= 150
ind= 152  newIndex= 149
ind= 152  newIndex= 148
ind= 152  newIndex= 147
ind= 152  newIndex= 146
ind= 152  newIndex= 145
query =  /server.js?f=getnexttilesbyid&id=275503&count=8&next=0&self=0
ind= 145  newIndex= 144
ind= 145  newIndex= 143
ind= 145  newIndex= 142
ind= 145  newIndex= 141
ind= 145  newIndex= 140
ind= 145  newIndex= 139
ind= 145  newIndex= 138
query =  /server.js?f=getnexttilesbyid&id=253548&count=8&next=0&self=0
ind= 138  newIndex= 137
ind= 138  newIndex= 136
ind= 138  newIndex= 135
ind= 138  newIndex= 134
ind= 138  newIndex= 133
ind= 138  newIndex= 132
ind= 138  newIndex= 131
query =  /server.js?f=getnexttilesbyid&id=652168&count=8&next=0&self=0
ind= 131  newIndex= 130
ind= 131  newIndex= 129
ind= 131  newIndex= 128
ind= 131  newIndex= 127
ind= 131  newIndex= 126
ind= 131  newIndex= 125
ind= 131  newIndex= 124
query =  /server.js?f=getnexttilesbyid&id=236605&count=8&next=0&self=0
ind= 124  newIndex= 123
ind= 124  newIndex= 122
ind= 124  newIndex= 121
ind= 124  newIndex= 120
ind= 124  newIndex= 119
ind= 124  newIndex= 118
ind= 124  newIndex= 117
query =  /server.js?f=getnexttilesbyid&id=183231&count=8&next=0&self=0
ind= 117  newIndex= 116
ind= 117  newIndex= 115
ind= 117  newIndex= 114
ind= 117  newIndex= 113
ind= 117  newIndex= 112
ind= 117  newIndex= 111
ind= 117  newIndex= 110
query =  /server.js?f=getnexttilesbyid&id=170905&count=8&next=0&self=0
ind= 110  newIndex= 109
ind= 110  newIndex= 108
ind= 110  newIndex= 107
ind= 110  newIndex= 106
ind= 110  newIndex= 105
ind= 110  newIndex= 104
ind= 110  newIndex= 103
query =  /server.js?f=getnexttilesbyid&id=665126&count=8&next=0&self=0
ind= 103  newIndex= 102
ind= 103  newIndex= 101
ind= 103  newIndex= 100
ind= 103  newIndex= 99
ind= 103  newIndex= 98
ind= 103  newIndex= 97
ind= 103  newIndex= 96
query =  /server.js?f=getnexttilesbyid&id=513703&count=8&next=0&self=0
ind= 96  newIndex= 95
ind= 96  newIndex= 94
ind= 96  newIndex= 93
ind= 96  newIndex= 92
ind= 96  newIndex= 91
ind= 96  newIndex= 90
ind= 96  newIndex= 89
query =  /server.js?f=getnexttilesbyid&id=162736&count=8&next=0&self=0
ind= 89  newIndex= 88
ind= 89  newIndex= 87
ind= 89  newIndex= 86
ind= 89  newIndex= 85
ind= 89  newIndex= 84
ind= 89  newIndex= 83
ind= 89  newIndex= 82
query =  /server.js?f=getnexttilesbyid&id=565941&count=8&next=0&self=0
ind= 82  newIndex= 81
ind= 82  newIndex= 80
ind= 82  newIndex= 79
ind= 82  newIndex= 78
ind= 82  newIndex= 77
ind= 82  newIndex= 76
ind= 82  newIndex= 75
query =  /server.js?f=getnexttilesbyid&id=481384&count=8&next=0&self=0
ind= 75  newIndex= 74
ind= 75  newIndex= 73
ind= 75  newIndex= 72
ind= 75  newIndex= 71
ind= 75  newIndex= 70
ind= 75  newIndex= 69
ind= 75  newIndex= 68
query =  /server.js?f=getnexttilesbyid&id=432189&count=8&next=0&self=0
ind= 68  newIndex= 67
ind= 68  newIndex= 66
ind= 68  newIndex= 65
ind= 68  newIndex= 64
ind= 68  newIndex= 63
ind= 68  newIndex= 62
ind= 68  newIndex= 61
query =  /server.js?f=getnexttilesbyid&id=387259&count=8&next=0&self=0
ind= 61  newIndex= 60
ind= 61  newIndex= 59
ind= 61  newIndex= 58
ind= 61  newIndex= 57
ind= 61  newIndex= 56
ind= 61  newIndex= 55
ind= 61  newIndex= 54
query =  /server.js?f=getnexttilesbyid&id=371600&count=8&next=0&self=0
ind= 54  newIndex= 53
ind= 54  newIndex= 52
ind= 54  newIndex= 51
ind= 54  newIndex= 50
ind= 54  newIndex= 49
ind= 54  newIndex= 48
ind= 54  newIndex= 47
query =  /server.js?f=getnexttilesbyid&id=348617&count=8&next=0&self=0
ind= 47  newIndex= 46
ind= 47  newIndex= 45
ind= 47  newIndex= 44
ind= 47  newIndex= 43
ind= 47  newIndex= 42
ind= 47  newIndex= 41
ind= 47  newIndex= 40
query =  /server.js?f=getnexttilesbyid&id=242414&count=8&next=0&self=0
ind= 40  newIndex= 39
ind= 40  newIndex= 38
ind= 40  newIndex= 37
ind= 40  newIndex= 36
ind= 40  newIndex= 35
ind= 40  newIndex= 34
ind= 40  newIndex= 33
query =  /server.js?f=getnexttilesbyid&id=142564&count=8&next=0&self=0
ind= 33  newIndex= 32
ind= 33  newIndex= 31
ind= 33  newIndex= 30
ind= 33  newIndex= 29
ind= 33  newIndex= 28
ind= 33  newIndex= 27
ind= 33  newIndex= 26
query =  /server.js?f=getnexttilesbyid&id=593126&count=8&next=0&self=0
ind= 26  newIndex= 25
ind= 26  newIndex= 24
ind= 26  newIndex= 23
ind= 26  newIndex= 22
ind= 26  newIndex= 21
ind= 26  newIndex= 20
ind= 26  newIndex= 19
query =  /server.js?f=getnexttilesbyid&id=727186&count=8&next=0&self=0
ind= 19  newIndex= 18
ind= 19  newIndex= 17
ind= 19  newIndex= 16
ind= 19  newIndex= 15
ind= 19  newIndex= 14
ind= 19  newIndex= 13
ind= 19  newIndex= 12
query =  /server.js?f=getnexttilesbyid&id=704332&count=8&next=0&self=0
ind= 12  newIndex= 11
ind= 12  newIndex= 10
ind= 12  newIndex= 9
ind= 12  newIndex= 8
ind= 12  newIndex= 7
ind= 12  newIndex= 6
ind= 12  newIndex= 5
query =  /server.js?f=getnexttilesbyid&id=645367&count=8&next=0&self=0
ind= 5  newIndex= 4
ind= 5  newIndex= 3
ind= 5  newIndex= 2
ind= 5  newIndex= 1
ind= 5  newIndex= 0
ind= 5  newIndex= -1
*** ostanovilis
query =  /server.js?f=getnexttilesbyid&id=727927&count=8&next=0&self=0
ind= 0  newIndex= -1
*** ostanovilis
query =  /server.js?f=getnexttilesbyid&id=281109&count=7&next=1&self=0
ind= 316  newIndex= 317
*** ostanovilis
query =  /server.js?f=getnexttilesbyid&id=281109&count=7&next=1&self=0
ind= 316  newIndex= 317
*** ostanovilis
query =  /
query =  /script.js
query =  /style.css
query =  /krug_prep.png
query =  /krug_next.png
query =  /server.js?f=getnexttilesbyid&id=38451&count=14&next=1&self=1
ind= 304  newIndex= 304
ind= 304  newIndex= 305
ind= 304  newIndex= 306
ind= 304  newIndex= 307
ind= 304  newIndex= 308
ind= 304  newIndex= 309
ind= 304  newIndex= 310
ind= 304  newIndex= 311
ind= 304  newIndex= 312
ind= 304  newIndex= 313
ind= 304  newIndex= 314
ind= 304  newIndex= 315
ind= 304  newIndex= 316
ind= 304  newIndex= 317
*** ostanovilis
query =  /loading.gif
query =  /server.js?f=getnexttilesbyid&id=38451&count=7&next=0&self=0
ind= 304  newIndex= 303
ind= 304  newIndex= 302
ind= 304  newIndex= 301
ind= 304  newIndex= 300
ind= 304  newIndex= 299
ind= 304  newIndex= 298
query =  /server.js?f=getnexttilesbyid&id=281109&count=7&next=1&self=0
ind= 316  newIndex= 317
*** ostanovilis
query =  /
query =  /style.css
query =  /script.js
query =  /krug_next.png
query =  /server.js?f=getnexttilesbyid&id=38451&count=14&next=1&self=1
ind= 304  newIndex= 304
ind= 304  newIndex= 305
ind= 304  newIndex= 306
ind= 304  newIndex= 307
ind= 304  newIndex= 308
ind= 304  newIndex= 309
ind= 304  newIndex= 310
ind= 304  newIndex= 311
ind= 304  newIndex= 312
ind= 304  newIndex= 313
ind= 304  newIndex= 314
ind= 304  newIndex= 315
ind= 304  newIndex= 316
ind= 304  newIndex= 317
*** ostanovilis
query =  /krug_prep.png
query =  /loading.gif
query =  /favicon.ico
query =  /server.js?f=getnexttilesbyid&id=281109&count=7&next=1&self=0
ind= 316  newIndex= 317
*** ostanovilis
query =  /server.js?f=getnexttilesbyid&id=38451&count=7&next=0&self=0
ind= 304  newIndex= 303
ind= 304  newIndex= 302
ind= 304  newIndex= 301
ind= 304  newIndex= 300
ind= 304  newIndex= 299
ind= 304  newIndex= 298
query =  /server.js?f=getnexttilesbyid&id=51778&count=7&next=0&self=0
ind= 298  newIndex= 297
ind= 298  newIndex= 296
ind= 298  newIndex= 295
ind= 298  newIndex= 294
ind= 298  newIndex= 293
ind= 298  newIndex= 292
query =  /server.js?f=getnexttilesbyid&id=56656&count=7&next=0&self=0
ind= 292  newIndex= 291
ind= 292  newIndex= 290
ind= 292  newIndex= 289
ind= 292  newIndex= 288
ind= 292  newIndex= 287
ind= 292  newIndex= 286
query =  /server.js?f=getnexttilesbyid&id=60756&count=7&next=0&self=0
ind= 286  newIndex= 285
ind= 286  newIndex= 284
ind= 286  newIndex= 283
ind= 286  newIndex= 282
ind= 286  newIndex= 281
ind= 286  newIndex= 280
query =  /server.js?f=getnexttilesbyid&id=70239&count=7&next=0&self=0
ind= 280  newIndex= 279
ind= 280  newIndex= 278
ind= 280  newIndex= 277
ind= 280  newIndex= 276
ind= 280  newIndex= 275
ind= 280  newIndex= 274
query =  /server.js?f=getnexttilesbyid&id=71975&count=7&next=0&self=0
ind= 274  newIndex= 273
ind= 274  newIndex= 272
ind= 274  newIndex= 271
ind= 274  newIndex= 270
ind= 274  newIndex= 269
ind= 274  newIndex= 268
query =  /server.js?f=getnexttilesbyid&id=73870&count=7&next=0&self=0
ind= 268  newIndex= 267
ind= 268  newIndex= 266
ind= 268  newIndex= 265
ind= 268  newIndex= 264
ind= 268  newIndex= 263
ind= 268  newIndex= 262
query =  /server.js?f=getnexttilesbyid&id=86264&count=7&next=0&self=0
ind= 262  newIndex= 261
ind= 262  newIndex= 260
ind= 262  newIndex= 259
ind= 262  newIndex= 258
ind= 262  newIndex= 257
ind= 262  newIndex= 256
query =  /server.js?f=getnexttilesbyid&id=110111&count=7&next=0&self=0
ind= 256  newIndex= 255
ind= 256  newIndex= 254
ind= 256  newIndex= 253
ind= 256  newIndex= 252
ind= 256  newIndex= 251
ind= 256  newIndex= 250
query =  /server.js?f=getnexttilesbyid&id=120321&count=7&next=0&self=0
ind= 250  newIndex= 249
ind= 250  newIndex= 248
ind= 250  newIndex= 247
ind= 250  newIndex= 246
ind= 250  newIndex= 245
ind= 250  newIndex= 244
query =  /server.js?f=getnexttilesbyid&id=135846&count=7&next=0&self=0
ind= 244  newIndex= 243
ind= 244  newIndex= 242
ind= 244  newIndex= 241
ind= 244  newIndex= 240
ind= 244  newIndex= 239
ind= 244  newIndex= 238
query =  /
query =  /style.css
query =  /script.js
query =  /server.js?f=getnexttilesbyid&id=118731&count=14&next=1&self=1
ind= 252  newIndex= 252
ind= 252  newIndex= 253
ind= 252  newIndex= 254
ind= 252  newIndex= 255
ind= 252  newIndex= 256
ind= 252  newIndex= 257
ind= 252  newIndex= 258
ind= 252  newIndex= 259
ind= 252  newIndex= 260
ind= 252  newIndex= 261
ind= 252  newIndex= 262
ind= 252  newIndex= 263
ind= 252  newIndex= 264
ind= 252  newIndex= 265
query =  /krug_prep.png
query =  /krug_next.png
query =  /favicon.ico
query =  /loading.gif
query =  /server.js?f=getnexttilesbyid&id=118731&count=7&next=0&self=0
ind= 252  newIndex= 251
ind= 252  newIndex= 250
ind= 252  newIndex= 249
ind= 252  newIndex= 248
ind= 252  newIndex= 247
ind= 252  newIndex= 246
query =  /server.js?f=getnexttilesbyid&id=131747&count=7&next=0&self=0
ind= 246  newIndex= 245
ind= 246  newIndex= 244
ind= 246  newIndex= 243
ind= 246  newIndex= 242
ind= 246  newIndex= 241
ind= 246  newIndex= 240
query =  /server.js?f=getnexttilesbyid&id=76980&count=7&next=1&self=0
ind= 265  newIndex= 266
ind= 265  newIndex= 267
ind= 265  newIndex= 268
ind= 265  newIndex= 269
ind= 265  newIndex= 270
ind= 265  newIndex= 271
query =  /server.js?f=getnexttilesbyid&id=72367&count=7&next=1&self=0
ind= 271  newIndex= 272
ind= 271  newIndex= 273
ind= 271  newIndex= 274
ind= 271  newIndex= 275
ind= 271  newIndex= 276
ind= 271  newIndex= 277
query =  /server.js?f=getnexttilesbyid&id=71210&count=7&next=1&self=0
ind= 277  newIndex= 278
ind= 277  newIndex= 279
ind= 277  newIndex= 280
ind= 277  newIndex= 281
ind= 277  newIndex= 282
ind= 277  newIndex= 283
query =  /
query =  /style.css
query =  /script.js
query =  /krug_prep.png
query =  /krug_next.png
query =  /server.js?f=getnexttilesbyid&id=0&count=16&next=1&self=1
ind= 0  newIndex= 0
ind= 0  newIndex= 1
ind= 0  newIndex= 2
ind= 0  newIndex= 3
ind= 0  newIndex= 4
ind= 0  newIndex= 5
ind= 0  newIndex= 6
ind= 0  newIndex= 7
ind= 0  newIndex= 8
ind= 0  newIndex= 9
ind= 0  newIndex= 10
ind= 0  newIndex= 11
ind= 0  newIndex= 12
ind= 0  newIndex= 13
ind= 0  newIndex= 14
ind= 0  newIndex= 15
query =  /loading.gif
query =  /server.js?f=getnexttilesbyid&id=714575&count=8&next=1&self=0
ind= 15  newIndex= 16
ind= 15  newIndex= 17
ind= 15  newIndex= 18
ind= 15  newIndex= 19
ind= 15  newIndex= 20
ind= 15  newIndex= 21
ind= 15  newIndex= 22
query =  /
query =  /
query =  /style.css
query =  /script.js
query =  /krug_next.png
query =  /server.js?f=getnexttilesbyid&id=0&count=14&next=1&self=1
ind= 0  newIndex= 0
ind= 0  newIndex= 1
ind= 0  newIndex= 2
ind= 0  newIndex= 3
ind= 0  newIndex= 4
ind= 0  newIndex= 5
ind= 0  newIndex= 6
ind= 0  newIndex= 7
ind= 0  newIndex= 8
ind= 0  newIndex= 9
ind= 0  newIndex= 10
ind= 0  newIndex= 11
ind= 0  newIndex= 12
ind= 0  newIndex= 13
query =  /krug_prep.png
query =  /loading.gif
query =  /server.js?f=getnexttilesbyid&id=705467&count=7&next=1&self=0
ind= 13  newIndex= 14
ind= 13  newIndex= 15
ind= 13  newIndex= 16
ind= 13  newIndex= 17
ind= 13  newIndex= 18
ind= 13  newIndex= 19
query =  /server.js?f=getnexttilesbyid&id=727186&count=7&next=1&self=0
ind= 19  newIndex= 20
ind= 19  newIndex= 21
ind= 19  newIndex= 22
ind= 19  newIndex= 23
ind= 19  newIndex= 24
ind= 19  newIndex= 25
query =  /server.js?f=getnexttilesbyid&id=543009&count=7&next=1&self=0
ind= 25  newIndex= 26
ind= 25  newIndex= 27
ind= 25  newIndex= 28
ind= 25  newIndex= 29
ind= 25  newIndex= 30
ind= 25  newIndex= 31
query =  /server.js?f=getnexttilesbyid&id=141469&count=7&next=1&self=0
ind= 31  newIndex= 32
ind= 31  newIndex= 33
ind= 31  newIndex= 34
ind= 31  newIndex= 35
ind= 31  newIndex= 36
ind= 31  newIndex= 37
query =  /server.js?f=getnexttilesbyid&id=230456&count=7&next=1&self=0
ind= 37  newIndex= 38
ind= 37  newIndex= 39
ind= 37  newIndex= 40
ind= 37  newIndex= 41
ind= 37  newIndex= 42
ind= 37  newIndex= 43
query =  /server.js?f=getnexttilesbyid&id=257854&count=7&next=1&self=0
ind= 43  newIndex= 44
ind= 43  newIndex= 45
ind= 43  newIndex= 46
ind= 43  newIndex= 47
ind= 43  newIndex= 48
ind= 43  newIndex= 49
query =  /server.js?f=getnexttilesbyid&id=350277&count=7&next=1&self=0
ind= 49  newIndex= 50
ind= 49  newIndex= 51
ind= 49  newIndex= 52
ind= 49  newIndex= 53
ind= 49  newIndex= 54
ind= 49  newIndex= 55
query =  /server.js?f=getnexttilesbyid&id=370782&count=7&next=1&self=0
ind= 55  newIndex= 56
ind= 55  newIndex= 57
ind= 55  newIndex= 58
ind= 55  newIndex= 59
ind= 55  newIndex= 60
ind= 55  newIndex= 61
query =  /
query =  /style.css
query =  /script.js
query =  /server.js?f=getnexttilesbyid&id=350277&count=14&next=1&self=1
ind= 49  newIndex= 49
ind= 49  newIndex= 50
ind= 49  newIndex= 51
ind= 49  newIndex= 52
ind= 49  newIndex= 53
ind= 49  newIndex= 54
ind= 49  newIndex= 55
ind= 49  newIndex= 56
ind= 49  newIndex= 57
ind= 49  newIndex= 58
ind= 49  newIndex= 59
ind= 49  newIndex= 60
ind= 49  newIndex= 61
ind= 49  newIndex= 62
query =  /krug_prep.png
query =  /krug_next.png
query =  /loading.gif
query =  /server.js?f=getnexttilesbyid&id=350277&count=7&next=0&self=0
ind= 49  newIndex= 48
ind= 49  newIndex= 47
ind= 49  newIndex= 46
ind= 49  newIndex= 45
ind= 49  newIndex= 44
ind= 49  newIndex= 43
query =  /server.js?f=getnexttilesbyid&id=257854&count=7&next=0&self=0
ind= 43  newIndex= 42
ind= 43  newIndex= 41
ind= 43  newIndex= 40
ind= 43  newIndex= 39
ind= 43  newIndex= 38
ind= 43  newIndex= 37
query =  /server.js?f=getnexttilesbyid&id=399108&count=7&next=1&self=0
ind= 62  newIndex= 63
ind= 62  newIndex= 64
ind= 62  newIndex= 65
ind= 62  newIndex= 66
ind= 62  newIndex= 67
ind= 62  newIndex= 68
query =  /server.js?f=getnexttilesbyid&id=432189&count=7&next=1&self=0
ind= 68  newIndex= 69
ind= 68  newIndex= 70
ind= 68  newIndex= 71
ind= 68  newIndex= 72
ind= 68  newIndex= 73
ind= 68  newIndex= 74
query =  /
query =  /style.css
query =  /script.js
query =  /server.js?f=getnexttilesbyid&id=0&count=16&next=1&self=1
ind= 0  newIndex= 0
ind= 0  newIndex= 1
ind= 0  newIndex= 2
ind= 0  newIndex= 3
ind= 0  newIndex= 4
ind= 0  newIndex= 5
ind= 0  newIndex= 6
ind= 0  newIndex= 7
ind= 0  newIndex= 8
ind= 0  newIndex= 9
ind= 0  newIndex= 10
ind= 0  newIndex= 11
ind= 0  newIndex= 12
ind= 0  newIndex= 13
ind= 0  newIndex= 14
ind= 0  newIndex= 15
query =  /krug_prep.png
query =  /krug_next.png
query =  /loading.gif
query =  /server.js?f=getnexttilesbyid&id=727927&count=8&next=0&self=0
ind= 0  newIndex= -1
*** ostanovilis
query =  /server.js?f=getnexttilesbyid&id=714575&count=8&next=1&self=0
ind= 15  newIndex= 16
ind= 15  newIndex= 17
ind= 15  newIndex= 18
ind= 15  newIndex= 19
ind= 15  newIndex= 20
ind= 15  newIndex= 21
ind= 15  newIndex= 22
